Angelscript log opened
Server started logging Angelscript on map 'eshq05' at: 2018-09-19 00:19:42
ERROR: c:/svends/svencoop/scripts/plugins/AFKManager.as (7, 1) : Unexpected token '<'
ERROR: c:/svends/svencoop/scripts/plugins/AFKManager.as (444, 193) : Unexpected token '<string constant>'
ERROR: c:/svends/svencoop/scripts/plugins/AFKManager.as (495, 1) : Unexpected token '<'
ERROR: Plugin script compilation failed
ERROR: c:/svends/svencoop/scripts/plugins/InfiniteFlashlight.as (7, 1) : Unexpected token '<'
ERROR: c:/svends/svencoop/scripts/plugins/InfiniteFlashlight.as (444, 193) : Unexpected token '<string constant>'
ERROR: c:/svends/svencoop/scripts/plugins/InfiniteFlashlight.as (494, 1) : Unexpected token '<'
ERROR: Plugin script compilation failed
2 Plugin(s) failed compilation
Server stopped logging Angelscript at: 2018-09-19 00:25:53
Angelscript log opened
Server started logging Angelscript on map 'eshq05' at: 2018-09-19 00:26:05
ERROR: c:/svends/svencoop/scripts/plugins/AFKManager.as (7, 1) : Unexpected token '<'
ERROR: c:/svends/svencoop/scripts/plugins/AFKManager.as (444, 193) : Unexpected token '<string constant>'
ERROR: c:/svends/svencoop/scripts/plugins/AFKManager.as (495, 1) : Unexpected token '<'
ERROR: Plugin script compilation failed
ERROR: c:/svends/svencoop/scripts/plugins/InfiniteFlashlight.as (7, 1) : Unexpected token '<'
ERROR: c:/svends/svencoop/scripts/plugins/InfiniteFlashlight.as (444, 193) : Unexpected token '<string constant>'
ERROR: c:/svends/svencoop/scripts/plugins/InfiniteFlashlight.as (494, 1) : Unexpected token '<'
ERROR: Plugin script compilation failed
2 Plugin(s) failed compilation
Server stopped logging Angelscript at: 2018-09-19 00:26:33
