L 19/09/2018 - 00:00:16: Log file started (file "logs\2018-09-19.log") (game "svencoop") (version "48/5.0.1.0/7964")
L 19/09/2018 - 00:00:16: Log file started (file "logs\2018-09-19.log") (game "svencoop") (version "48/5.0.1.0/7964")
L 19/09/2018 - 00:00:46: "kek<2><STEAM_0:1:105068535><players>" stats: frags="1.98" deaths="1" health="100" 
L 19/09/2018 - 00:01:16: "kek<2><STEAM_0:1:105068535><players>" stats: frags="1.98" deaths="1" health="100" 
L 19/09/2018 - 00:01:46: "kek<2><STEAM_0:1:105068535><players>" stats: frags="1.98" deaths="1" health="100" 
L 19/09/2018 - 00:02:16: "kek<2><STEAM_0:1:105068535><players>" stats: frags="1.98" deaths="1" health="100" 
L 19/09/2018 - 00:02:46: "kek<2><STEAM_0:1:105068535><players>" stats: frags="1.98" deaths="1" health="100" 
L 19/09/2018 - 00:03:16: "kek<2><STEAM_0:1:105068535><players>" stats: frags="1.98" deaths="1" health="100" 
L 19/09/2018 - 00:03:46: "kek<2><STEAM_0:1:105068535><players>" stats: frags="1.98" deaths="1" health="100" 
L 19/09/2018 - 00:04:16: "kek<2><STEAM_0:1:105068535><players>" stats: frags="1.98" deaths="1" health="100" 
L 19/09/2018 - 00:04:46: "kek<2><STEAM_0:1:105068535><players>" stats: frags="1.98" deaths="1" health="100" 
L 19/09/2018 - 00:05:16: "kek<2><STEAM_0:1:105068535><players>" stats: frags="1.98" deaths="1" health="100" 
L 19/09/2018 - 00:05:46: "kek<2><STEAM_0:1:105068535><players>" stats: frags="1.98" deaths="1" health="100" 
L 19/09/2018 - 00:06:05: "kek<2><STEAM_0:1:105068535><players>" say "bogies"
L 19/09/2018 - 00:06:16: "kek<2><STEAM_0:1:105068535><players>" stats: frags="1.98" deaths="1" health="100" 
L 19/09/2018 - 00:06:46: "kek<2><STEAM_0:1:105068535><players>" stats: frags="1.98" deaths="1" health="100" 
L 19/09/2018 - 00:07:16: "kek<2><STEAM_0:1:105068535><players>" stats: frags="1.98" deaths="1" health="100" 
L 19/09/2018 - 00:07:46: "kek<2><STEAM_0:1:105068535><players>" stats: frags="1.98" deaths="1" health="100" 
L 19/09/2018 - 00:08:16: "kek<2><STEAM_0:1:105068535><players>" stats: frags="1.98" deaths="1" health="100" 
L 19/09/2018 - 00:08:46: "kek<2><STEAM_0:1:105068535><players>" stats: frags="1.98" deaths="1" health="100" 
L 19/09/2018 - 00:09:16: "kek<2><STEAM_0:1:105068535><players>" stats: frags="1.98" deaths="1" health="25" 
L 19/09/2018 - 00:09:46: "kek<2><STEAM_0:1:105068535><players>" stats: frags="1.98" deaths="1" health="25" 
L 19/09/2018 - 00:09:53: "kek<2><STEAM_0:1:105068535><players>" say "kissmyass"
L 19/09/2018 - 00:10:04: "kek<2><STEAM_0:1:105068535><players>" say "johncena"
L 19/09/2018 - 00:10:16: "kek<2><STEAM_0:1:105068535><players>" stats: frags="1.98" deaths="1" health="25" 
L 19/09/2018 - 00:10:46: "kek<2><STEAM_0:1:105068535><players>" stats: frags="1.98" deaths="1" health="25" 
L 19/09/2018 - 00:11:16: "kek<2><STEAM_0:1:105068535><players>" stats: frags="1.98" deaths="1" health="25" 
L 19/09/2018 - 00:11:46: "kek<2><STEAM_0:1:105068535><players>" stats: frags="1.98" deaths="1" health="25" 
L 19/09/2018 - 00:12:16: "kek<2><STEAM_0:1:105068535><players>" stats: frags="1.98" deaths="1" health="25" 
L 19/09/2018 - 00:12:46: "kek<2><STEAM_0:1:105068535><players>" stats: frags="1.98" deaths="1" health="25" 
L 19/09/2018 - 00:13:16: "kek<2><STEAM_0:1:105068535><players>" stats: frags="1.98" deaths="1" health="25" 
L 19/09/2018 - 00:13:46: "kek<2><STEAM_0:1:105068535><players>" stats: frags="1.98" deaths="1" health="25" 
L 19/09/2018 - 00:14:16: "kek<2><STEAM_0:1:105068535><players>" stats: frags="1.98" deaths="1" health="25" 
L 19/09/2018 - 00:14:46: "kek<2><STEAM_0:1:105068535><players>" stats: frags="1.98" deaths="1" health="25" 
L 19/09/2018 - 00:15:12: "USCGghost<5><STEAM_0:1:8852493><>" connected, address "24.44.128.197:27005"
L 19/09/2018 - 00:15:12: [AFB] User USCGghost connected from 24.44.128.197:27005
L 19/09/2018 - 00:15:12: "USCGghost<5><STEAM_0:1:8852493><>" STEAM USERID validated
L 19/09/2018 - 00:15:16: "kek<2><STEAM_0:1:105068535><players>" stats: frags="1.98" deaths="1" health="25" 
L 19/09/2018 - 00:15:47: "kek<2><STEAM_0:1:105068535><players>" stats: frags="1.98" deaths="1" health="25" 
L 19/09/2018 - 00:16:17: "kek<2><STEAM_0:1:105068535><players>" stats: frags="1.98" deaths="1" health="25" 
L 19/09/2018 - 00:16:47: "kek<2><STEAM_0:1:105068535><players>" stats: frags="1.98" deaths="1" health="25" 
L 19/09/2018 - 00:17:17: "kek<2><STEAM_0:1:105068535><players>" stats: frags="1.98" deaths="1" health="25" 
L 19/09/2018 - 00:17:47: "kek<2><STEAM_0:1:105068535><players>" stats: frags="1.98" deaths="1" health="25" 
L 19/09/2018 - 00:18:17: "kek<2><STEAM_0:1:105068535><players>" stats: frags="1.98" deaths="1" health="25" 
L 19/09/2018 - 00:18:47: "kek<2><STEAM_0:1:105068535><players>" stats: frags="1.98" deaths="1" health="25" 
L 19/09/2018 - 00:19:17: "kek<2><STEAM_0:1:105068535><players>" stats: frags="1.98" deaths="1" health="25" 
L 19/09/2018 - 00:19:31: Server shutdown
L 19/09/2018 - 00:19:31: Log file closed
L 19/09/2018 - 00:19:42: Log file started (file "logs\2018-09-19.log") (game "svencoop") (version "48/5.0.1.0/7964")
L 19/09/2018 - 00:19:42: [AFB] AFBase 1.3.2 PUBLIC - Plugin init
L 19/09/2018 - 00:19:42: [AFB] Loading expansions.
L 19/09/2018 - 00:19:42: [AFB] Registering expansion: AdminFuckery Base (SID: AFB) by Zode
L 19/09/2018 - 00:19:42: [AFB] Registering expansion: AdminFuckery2 Player Commands (SID: AF2P) by Zode
L 19/09/2018 - 00:19:42: [AFB] Registering expansion: AdminFuckery2 Entity Commands (SID: AF2E) by Zode
L 19/09/2018 - 00:19:42: [AFB] Registering expansion: AdminFuckery2 Fun Commands (SID: AF2F) by Zode
L 19/09/2018 - 00:19:42: [AFB] Expansions loaded!
L 19/09/2018 - 00:19:42: [AFB] Map init.
L 19/09/2018 - 00:19:43: Started map "eshq05" (CRC "2001348560")
L 19/09/2018 - 00:19:43: Server cvar "sv_voiceenable" = "1"
L 19/09/2018 - 00:19:44: Server cvar "sv_voiceenable" = "0"
L 19/09/2018 - 00:19:44: Log file closed
L 19/09/2018 - 00:19:44: Log file started (file "logs\2018-09-19.log") (game "svencoop") (version "48/5.0.1.0/7964")
L 19/09/2018 - 00:25:54: Server shutdown
L 19/09/2018 - 00:25:54: Log file closed
L 19/09/2018 - 00:26:05: Log file started (file "logs\2018-09-19.log") (game "svencoop") (version "48/5.0.1.0/7964")
L 19/09/2018 - 00:26:05: [AFB] AFBase 1.3.2 PUBLIC - Plugin init
L 19/09/2018 - 00:26:05: [AFB] Loading expansions.
L 19/09/2018 - 00:26:05: [AFB] Registering expansion: AdminFuckery Base (SID: AFB) by Zode
L 19/09/2018 - 00:26:05: [AFB] Registering expansion: AdminFuckery2 Player Commands (SID: AF2P) by Zode
L 19/09/2018 - 00:26:05: [AFB] Registering expansion: AdminFuckery2 Entity Commands (SID: AF2E) by Zode
L 19/09/2018 - 00:26:05: [AFB] Registering expansion: AdminFuckery2 Fun Commands (SID: AF2F) by Zode
L 19/09/2018 - 00:26:05: [AFB] Expansions loaded!
L 19/09/2018 - 00:26:05: [AFB] Map init.
L 19/09/2018 - 00:26:06: Started map "eshq05" (CRC "2001348560")
L 19/09/2018 - 00:26:06: Server cvar "sv_voiceenable" = "1"
L 19/09/2018 - 00:26:06: Server cvar "sv_voiceenable" = "0"
L 19/09/2018 - 00:26:06: Log file closed
L 19/09/2018 - 00:26:06: Log file started (file "logs\2018-09-19.log") (game "svencoop") (version "48/5.0.1.0/7964")
L 19/09/2018 - 00:26:17: "kek<1><STEAM_0:1:105068535><>" connected, address "47.132.2.210:27005"
L 19/09/2018 - 00:26:17: [AFB] User kek connected from 47.132.2.210:27005
L 19/09/2018 - 00:26:17: "kek<1><STEAM_0:1:105068535><>" STEAM USERID validated
L 19/09/2018 - 00:26:20: "kek<2><STEAM_0:1:105068535><>" connected, address "47.132.2.210:27005"
L 19/09/2018 - 00:26:20: [AFB] User kek connected from 47.132.2.210:27005
L 19/09/2018 - 00:26:21: "kek<2><STEAM_0:1:105068535><>" STEAM USERID validated
L 19/09/2018 - 00:26:24: "kek<3><STEAM_0:1:105068535><>" connected, address "47.132.2.210:27005"
L 19/09/2018 - 00:26:24: [AFB] User kek connected from 47.132.2.210:27005
L 19/09/2018 - 00:26:24: "kek<3><STEAM_0:1:105068535><>" STEAM USERID validated
L 19/09/2018 - 00:26:33: Server shutdown
L 19/09/2018 - 00:26:33: Log file closed
