L 20/09/2018 - 10:37:19: Log file started (file "logs\2018-09-20.log") (game "svencoop") (version "48/5.0.1.0/7964")
L 20/09/2018 - 10:37:20: Started map "entmap_sc5_a13" (CRC "183361614")
L 20/09/2018 - 10:37:20: Server cvar "sv_voiceenable" = "1"
L 20/09/2018 - 10:37:20: Server cvar "sv_voiceenable" = "0"
L 20/09/2018 - 10:37:20: Log file closed
L 20/09/2018 - 10:38:30: Log file started (file "logs\2018-09-20.log") (game "svencoop") (version "48/5.0.1.0/7964")
L 20/09/2018 - 10:38:32: Started map "abandoned" (CRC "1038585952")
L 20/09/2018 - 10:38:32: Server cvar "sv_voiceenable" = "1"
L 20/09/2018 - 10:38:32: Server cvar "sv_voiceenable" = "0"
L 20/09/2018 - 10:38:32: Log file closed
L 20/09/2018 - 10:38:32: Log file started (file "logs\2018-09-20.log") (game "svencoop") (version "48/5.0.1.0/7964")
L 20/09/2018 - 10:38:42: "kek<1><STEAM_0:1:105068535><>" connected, address "47.132.2.210:27005"
L 20/09/2018 - 10:38:42: "kek<1><STEAM_0:1:105068535><>" STEAM USERID validated
L 20/09/2018 - 10:38:44: "kek<2><STEAM_0:1:105068535><>" connected, address "47.132.2.210:27005"
L 20/09/2018 - 10:38:44: "kek<2><STEAM_0:1:105068535><>" STEAM USERID validated
L 20/09/2018 - 10:38:48: "kek<2><STEAM_0:1:105068535><players>" has entered the game
L 20/09/2018 - 10:39:18: "kek<2><STEAM_0:1:105068535><players>" stats: frags="0.00" deaths="0" health="100" 
L 20/09/2018 - 10:39:19: "kek<2><STEAM_0:1:105068535><players>" say "!my ass hole"
L 20/09/2018 - 10:39:48: "kek<2><STEAM_0:1:105068535><players>" stats: frags="0.00" deaths="0" health="100" 
L 20/09/2018 - 10:40:09: "kek<2><STEAM_0:1:105068535><players>" say "ass"
L 20/09/2018 - 10:40:15: "kek<2><STEAM_0:1:105068535><players>" say "shit"
L 20/09/2018 - 10:40:18: "kek<2><STEAM_0:1:105068535><players>" stats: frags="0.00" deaths="0" health="100" 
L 20/09/2018 - 10:40:21: "kek<2><STEAM_0:1:105068535><players>" say "no"
L 20/09/2018 - 10:40:25: "kek<2><STEAM_0:1:105068535><players>" say "yes"
L 20/09/2018 - 10:40:27: "kek<2><STEAM_0:1:105068535><players>" say "yes"
L 20/09/2018 - 10:40:33: "kek<2><STEAM_0:1:105068535><players>" say "lol"
L 20/09/2018 - 10:40:42: "kek<2><STEAM_0:1:105068535><players>" say "kek"
L 20/09/2018 - 10:40:48: "kek<2><STEAM_0:1:105068535><players>" stats: frags="0.00" deaths="0" health="100" 
L 20/09/2018 - 10:40:49: "kek<2><STEAM_0:1:105068535><players>" say "smoke"
L 20/09/2018 - 10:40:57: "kek<2><STEAM_0:1:105068535><players>" say "snark"
L 20/09/2018 - 10:41:03: "kek<2><STEAM_0:1:105068535><players>" say "sob"
L 20/09/2018 - 10:41:08: "kek<2><STEAM_0:1:105068535><players>" say "sonic"
L 20/09/2018 - 10:41:18: "kek<2><STEAM_0:1:105068535><players>" say "skidaddle"
L 20/09/2018 - 10:41:18: "kek<2><STEAM_0:1:105068535><players>" stats: frags="0.00" deaths="0" health="100" 
L 20/09/2018 - 10:41:35: "kek<2><STEAM_0:1:105068535><players>" say "tengomiedo"
L 20/09/2018 - 10:41:42: "kek<2><STEAM_0:1:105068535><players>" say "tentacle"
L 20/09/2018 - 10:41:48: "kek<2><STEAM_0:1:105068535><players>" stats: frags="0.00" deaths="0" health="100" 
L 20/09/2018 - 10:41:52: "kek<2><STEAM_0:1:105068535><players>" say "titanic"
L 20/09/2018 - 10:42:13: "kek<2><STEAM_0:1:105068535><players>" say "youdonethis"
L 20/09/2018 - 10:42:18: "kek<2><STEAM_0:1:105068535><players>" stats: frags="0.00" deaths="0" health="100" 
L 20/09/2018 - 10:42:21: "kek<2><STEAM_0:1:105068535><players>" say "wtfyoudoing"
L 20/09/2018 - 10:42:28: "kek<2><STEAM_0:1:105068535><players>" say "yesgo"
L 20/09/2018 - 10:42:40: "kek<2><STEAM_0:1:105068535><players>" say "slip"
L 20/09/2018 - 10:42:46: "kek<2><STEAM_0:1:105068535><players>" say "sick"
L 20/09/2018 - 10:42:48: "kek<2><STEAM_0:1:105068535><players>" stats: frags="0.00" deaths="0" health="100" 
L 20/09/2018 - 10:42:52: "kek<2><STEAM_0:1:105068535><players>" say "shutupcyka"
L 20/09/2018 - 10:43:08: "kek<2><STEAM_0:1:105068535><players>" say "emitters"
L 20/09/2018 - 10:43:14: "kek<2><STEAM_0:1:105068535><players>" say "emitters"
L 20/09/2018 - 10:43:17: "kek<2><STEAM_0:1:105068535><players>" say "enem"
L 20/09/2018 - 10:43:18: "kek<2><STEAM_0:1:105068535><players>" stats: frags="0.00" deaths="0" health="100" 
L 20/09/2018 - 10:43:18: "kek<2><STEAM_0:1:105068535><players>" say "enemy"
L 20/09/2018 - 10:43:20: "kek<2><STEAM_0:1:105068535><players>" say "enemy"
L 20/09/2018 - 10:43:26: "kek<2><STEAM_0:1:105068535><players>" say "faggot"
L 20/09/2018 - 10:43:34: "kek<2><STEAM_0:1:105068535><players>" say "gmi2"
L 20/09/2018 - 10:43:48: "kek<2><STEAM_0:1:105068535><players>" stats: frags="0.00" deaths="0" health="100" 
L 20/09/2018 - 10:44:09: "kek<2><STEAM_0:1:105068535><players>" say "gtg"
L 20/09/2018 - 10:44:17: "kek<2><STEAM_0:1:105068535><players>" say "hotaliensex"
L 20/09/2018 - 10:44:18: "kek<2><STEAM_0:1:105068535><players>" stats: frags="0.00" deaths="0" health="100" 
L 20/09/2018 - 10:44:25: "kek<2><STEAM_0:1:105068535><players>" say "ohyeahmrkrabs"
L 20/09/2018 - 10:44:37: "kek<2><STEAM_0:1:105068535><players>" say "profanity"
L 20/09/2018 - 10:44:44: "kek<2><STEAM_0:1:105068535><players>" say "spree"
L 20/09/2018 - 10:44:48: "kek<2><STEAM_0:1:105068535><players>" stats: frags="0.00" deaths="0" health="100" 
L 20/09/2018 - 10:44:51: "kek<2><STEAM_0:1:105068535><players>" say "yeee"
L 20/09/2018 - 10:44:58: "kek<2><STEAM_0:1:105068535><players>" say "party"
L 20/09/2018 - 10:45:08: "kek<2><STEAM_0:1:105068535><players>" say "pirates"
L 20/09/2018 - 10:45:18: "kek<2><STEAM_0:1:105068535><players>" stats: frags="0.00" deaths="0" health="100" 
L 20/09/2018 - 10:45:22: "kek<2><STEAM_0:1:105068535><players>" say "riders"
L 20/09/2018 - 10:45:48: "kek<2><STEAM_0:1:105068535><players>" stats: frags="0.00" deaths="0" health="100" 
L 20/09/2018 - 10:46:18: "kek<2><STEAM_0:1:105068535><players>" stats: frags="0.00" deaths="0" health="100" 
L 20/09/2018 - 10:46:22: "kek<2><STEAM_0:1:105068535><players>" say "fine"
L 20/09/2018 - 10:46:40: "kek<2><STEAM_0:1:105068535><players>" disconnected
L 20/09/2018 - 10:46:46: Server shutdown
L 20/09/2018 - 10:46:46: Log file closed
