L 18/09/2018 - 18:54:24: Log file started (file "logs\2018-09-18.log") (game "svencoop") (version "48/5.0.1.0/7964")
L 18/09/2018 - 18:54:24: Server cvar "mp_banana" = "1"
L 18/09/2018 - 18:54:24: Server cvar "sv_maxspeed" = "270"
L 18/09/2018 - 18:54:25: Started map "stadium4" (CRC "-1537396155")
L 18/09/2018 - 18:54:25: Server cvar "sv_voiceenable" = "1"
L 18/09/2018 - 18:54:26: Server cvar "sv_voiceenable" = "0"
L 18/09/2018 - 18:54:26: Log file closed
L 18/09/2018 - 18:54:26: Log file started (file "logs\2018-09-18.log") (game "svencoop") (version "48/5.0.1.0/7964")
L 18/09/2018 - 18:56:28: Server shutdown
L 18/09/2018 - 18:56:28: Log file closed
L 18/09/2018 - 18:57:08: Log file started (file "logs\2018-09-18.log") (game "svencoop") (version "48/5.0.1.0/7964")
L 18/09/2018 - 18:57:08: Server cvar "mp_banana" = "1"
L 18/09/2018 - 18:57:08: Server cvar "sv_maxspeed" = "270"
L 18/09/2018 - 18:57:10: Started map "stadium4" (CRC "-1537396155")
L 18/09/2018 - 18:57:10: Server cvar "sv_voiceenable" = "1"
L 18/09/2018 - 18:57:10: Server cvar "sv_voiceenable" = "0"
L 18/09/2018 - 18:57:10: Log file closed
L 18/09/2018 - 18:57:10: Log file started (file "logs\2018-09-18.log") (game "svencoop") (version "48/5.0.1.0/7964")
L 18/09/2018 - 18:57:30: "kek<1><STEAM_0:1:105068535><>" connected, address "47.132.2.210:27005"
L 18/09/2018 - 18:57:31: "kek<1><STEAM_0:1:105068535><>" STEAM USERID validated
L 18/09/2018 - 18:57:35: "kek<1><STEAM_0:1:105068535><players>" has entered the game
L 18/09/2018 - 18:58:05: "kek<1><STEAM_0:1:105068535><players>" stats: frags="0.00" deaths="0" health="85" 
L 18/09/2018 - 18:58:35: "kek<1><STEAM_0:1:105068535><players>" stats: frags="0.00" deaths="0" health="74" 
L 18/09/2018 - 18:58:54: "kek<1><STEAM_0:1:105068535><players>" disconnected
L 18/09/2018 - 18:59:08: Server shutdown
L 18/09/2018 - 18:59:08: Log file closed
L 18/09/2018 - 19:03:48: Log file started (file "logs\2018-09-18.log") (game "svencoop") (version "48/5.0.1.0/7964")
L 18/09/2018 - 19:03:48: Server cvar "mp_banana" = "1"
L 18/09/2018 - 19:03:48: Server cvar "sv_maxspeed" = "270"
L 18/09/2018 - 19:03:50: Started map "stadium4" (CRC "-1537396155")
L 18/09/2018 - 19:03:50: Server cvar "sv_voiceenable" = "1"
L 18/09/2018 - 19:03:50: Server cvar "sv_voiceenable" = "0"
L 18/09/2018 - 19:03:50: Log file closed
L 18/09/2018 - 19:03:50: Log file started (file "logs\2018-09-18.log") (game "svencoop") (version "48/5.0.1.0/7964")
L 18/09/2018 - 19:03:59: "kek<1><STEAM_0:1:105068535><>" connected, address "47.132.2.210:27005"
L 18/09/2018 - 19:04:00: "kek<1><STEAM_0:1:105068535><>" STEAM USERID validated
L 18/09/2018 - 19:04:03: "kek<1><STEAM_0:1:105068535><players>" has entered the game
L 18/09/2018 - 19:04:23: "kek<1><STEAM_0:1:105068535><players>" disconnected
L 18/09/2018 - 19:06:25: Server shutdown
L 18/09/2018 - 19:06:25: Log file closed
L 18/09/2018 - 19:15:12: Log file started (file "logs\2018-09-18.log") (game "svencoop") (version "48/5.0.1.0/7964")
L 18/09/2018 - 19:15:12: Server cvar "mp_banana" = "1"
L 18/09/2018 - 19:15:12: Server cvar "sv_maxspeed" = "270"
L 18/09/2018 - 19:15:14: Started map "stadium4" (CRC "-1537396155")
L 18/09/2018 - 19:15:14: Server cvar "sv_voiceenable" = "1"
L 18/09/2018 - 19:15:14: Server cvar "sv_voiceenable" = "0"
L 18/09/2018 - 19:15:14: Log file closed
L 18/09/2018 - 19:15:14: Log file started (file "logs\2018-09-18.log") (game "svencoop") (version "48/5.0.1.0/7964")
L 18/09/2018 - 19:15:24: "kek<1><STEAM_0:1:105068535><>" connected, address "47.132.2.210:27005"
L 18/09/2018 - 19:15:24: "kek<1><STEAM_0:1:105068535><>" STEAM USERID validated
L 18/09/2018 - 19:17:14: "kek<1><STEAM_0:1:105068535><players>" has entered the game
L 18/09/2018 - 19:17:44: "kek<1><STEAM_0:1:105068535><players>" stats: frags="0.00" deaths="0" health="100" 
L 18/09/2018 - 19:18:12: "kek<1><STEAM_0:1:105068535><players>" say "aeiou"
L 18/09/2018 - 19:18:14: "kek<1><STEAM_0:1:105068535><players>" stats: frags="0.00" deaths="0" health="100" 
L 18/09/2018 - 19:18:14: "kek<1><STEAM_0:1:105068535><players>" say "spaghetti"
L 18/09/2018 - 19:18:17: "kek<1><STEAM_0:1:105068535><players>" say "bogies"
L 18/09/2018 - 19:18:21: "kek<1><STEAM_0:1:105068535><players>" say "bogies"
L 18/09/2018 - 19:18:30: "kek<1><STEAM_0:1:105068535><players>" say "what is my favorite color"
L 18/09/2018 - 19:18:35: "kek<1><STEAM_0:1:105068535><players>" disconnected
L 18/09/2018 - 19:19:10: Server shutdown
L 18/09/2018 - 19:19:10: Log file closed
L 18/09/2018 - 19:29:21: Log file started (file "logs\2018-09-18.log") (game "svencoop") (version "48/5.0.1.0/7964")
L 18/09/2018 - 19:29:21: Server cvar "mp_banana" = "1"
L 18/09/2018 - 19:29:21: Server cvar "sv_maxspeed" = "270"
L 18/09/2018 - 19:29:23: Started map "stadium4" (CRC "-1537396155")
L 18/09/2018 - 19:29:23: Server cvar "sv_voiceenable" = "1"
L 18/09/2018 - 19:29:23: Server cvar "sv_voiceenable" = "0"
L 18/09/2018 - 19:29:23: Log file closed
L 18/09/2018 - 19:29:23: Log file started (file "logs\2018-09-18.log") (game "svencoop") (version "48/5.0.1.0/7964")
L 18/09/2018 - 19:29:32: "kek<1><STEAM_0:1:105068535><>" connected, address "47.132.2.210:27005"
L 18/09/2018 - 19:29:32: "kek<1><STEAM_0:1:105068535><>" STEAM USERID validated
L 18/09/2018 - 19:29:36: "kek<1><STEAM_0:1:105068535><players>" has entered the game
L 18/09/2018 - 19:29:47: "kek<1><STEAM_0:1:105068535><players>" say "move"
L 18/09/2018 - 19:30:06: "kek<1><STEAM_0:1:105068535><players>" stats: frags="0.00" deaths="0" health="100" 
L 18/09/2018 - 19:30:36: "kek<1><STEAM_0:1:105068535><players>" stats: frags="0.00" deaths="0" health="100" 
L 18/09/2018 - 19:30:41: DIFFICULTY: 50.0 Percent (Medium) (none were connected at Map-Begin)
L 18/09/2018 - 19:30:41: "kek<1><STEAM_0:1:105068535><players>" say "diff 100"
L 18/09/2018 - 19:30:49: "kek<1><STEAM_0:1:105068535><players>" say "diff"
L 18/09/2018 - 19:30:51: "kek<1><STEAM_0:1:105068535><players>" say "diff 1"
L 18/09/2018 - 19:31:06: "kek<1><STEAM_0:1:105068535><players>" stats: frags="0.00" deaths="0" health="100" 
L 18/09/2018 - 19:31:36: "kek<1><STEAM_0:1:105068535><players>" stats: frags="0.00" deaths="0" health="100" 
L 18/09/2018 - 19:32:06: "kek<1><STEAM_0:1:105068535><players>" stats: frags="0.00" deaths="0" health="100" 
L 18/09/2018 - 19:32:36: "kek<1><STEAM_0:1:105068535><players>" stats: frags="0.00" deaths="0" health="100" 
L 18/09/2018 - 19:33:06: "kek<1><STEAM_0:1:105068535><players>" stats: frags="0.00" deaths="0" health="100" 
L 18/09/2018 - 19:33:36: "kek<1><STEAM_0:1:105068535><players>" stats: frags="0.00" deaths="0" health="100" 
L 18/09/2018 - 19:33:51: Server shutdown
L 18/09/2018 - 19:33:51: Log file closed
L 18/09/2018 - 19:34:12: Log file started (file "logs\2018-09-18.log") (game "svencoop") (version "48/5.0.1.0/7964")
L 18/09/2018 - 19:34:12: Server cvar "mp_banana" = "1"
L 18/09/2018 - 19:34:12: Server cvar "sv_maxspeed" = "270"
L 18/09/2018 - 19:34:14: Started map "stadium4" (CRC "-1537396155")
L 18/09/2018 - 19:34:14: Server cvar "sv_voiceenable" = "1"
L 18/09/2018 - 19:34:14: Server cvar "sv_voiceenable" = "0"
L 18/09/2018 - 19:34:14: Log file closed
L 18/09/2018 - 19:34:14: Log file started (file "logs\2018-09-18.log") (game "svencoop") (version "48/5.0.1.0/7964")
L 18/09/2018 - 19:34:20: "kek<1><STEAM_0:1:105068535><>" connected, address "47.132.2.210:27005"
L 18/09/2018 - 19:34:23: "kek<1><STEAM_0:1:105068535><players>" has entered the game
L 18/09/2018 - 19:34:23: "kek<1><STEAM_0:1:105068535><>" STEAM USERID validated
L 18/09/2018 - 19:34:25: "kek<1><STEAM_0:1:105068535><players>" say "move"
L 18/09/2018 - 19:34:53: "kek<1><STEAM_0:1:105068535><players>" stats: frags="0.00" deaths="0" health="100" 
L 18/09/2018 - 19:35:23: "kek<1><STEAM_0:1:105068535><players>" stats: frags="0.00" deaths="0" health="100" 
L 18/09/2018 - 19:35:53: "kek<1><STEAM_0:1:105068535><players>" stats: frags="0.00" deaths="0" health="100" 
L 18/09/2018 - 19:36:23: "kek<1><STEAM_0:1:105068535><players>" stats: frags="0.00" deaths="0" health="100" 
L 18/09/2018 - 19:36:53: "kek<1><STEAM_0:1:105068535><players>" stats: frags="0.00" deaths="0" health="100" 
L 18/09/2018 - 19:37:23: "kek<1><STEAM_0:1:105068535><players>" stats: frags="0.00" deaths="0" health="100" 
L 18/09/2018 - 19:37:53: "kek<1><STEAM_0:1:105068535><players>" stats: frags="0.00" deaths="0" health="100" 
L 18/09/2018 - 19:38:23: "kek<1><STEAM_0:1:105068535><players>" stats: frags="0.00" deaths="0" health="100" 
L 18/09/2018 - 19:38:53: "kek<1><STEAM_0:1:105068535><players>" stats: frags="0.00" deaths="0" health="100" 
L 18/09/2018 - 19:38:53: Server shutdown
L 18/09/2018 - 19:38:53: Log file closed
L 18/09/2018 - 19:40:15: Log file started (file "logs\2018-09-18.log") (game "svencoop") (version "48/5.0.1.0/7964")
L 18/09/2018 - 19:40:15: [AFB] AFBase 1.4.0 PUBLIC - Plugin init
L 18/09/2018 - 19:40:15: [AFB] Loading expansions.
L 18/09/2018 - 19:40:15: [AFB] Registering expansion: AdminFuckery Base (SID: AFB) by Zode
L 18/09/2018 - 19:40:15: [AFB] Registering expansion: AdminFuckery2 Player Commands (SID: AF2P) by Zode
L 18/09/2018 - 19:40:15: [AFB] Registering expansion: AdminFuckery2 Entity Commands (SID: AF2E) by Zode
L 18/09/2018 - 19:40:15: [AFB] Registering expansion: AdminFuckery2 Fun Commands (SID: AF2F) by Zode
L 18/09/2018 - 19:40:15: [AFB] Registering expansion: AdminFuckery2 Menu System (SID: AF2MS) by Zode
L 18/09/2018 - 19:40:15: [AFB] Expansions loaded!
L 18/09/2018 - 19:40:15: Server cvar "mp_banana" = "1"
L 18/09/2018 - 19:40:15: Server cvar "sv_maxspeed" = "270"
L 18/09/2018 - 19:40:16: [AFB] Map init(s) called in expansion(s).
L 18/09/2018 - 19:40:16: [AFB] Map activate(s) called in expansion(s).
L 18/09/2018 - 19:40:17: Started map "stadium4" (CRC "-1537396155")
L 18/09/2018 - 19:40:17: Server cvar "sv_voiceenable" = "1"
L 18/09/2018 - 19:40:17: Server cvar "sv_voiceenable" = "0"
L 18/09/2018 - 19:40:17: Log file closed
L 18/09/2018 - 19:40:17: Log file started (file "logs\2018-09-18.log") (game "svencoop") (version "48/5.0.1.0/7964")
L 18/09/2018 - 19:40:22: "kek<1><STEAM_0:1:105068535><>" connected, address "47.132.2.210:27005"
L 18/09/2018 - 19:40:22: [AFB] User kek connected from 47.132.2.210:27005
L 18/09/2018 - 19:40:23: "kek<1><STEAM_0:1:105068535><>" STEAM USERID validated
L 18/09/2018 - 19:40:25: [AFB] User cache missing. Getting ID from engine..
L 18/09/2018 - 19:40:25: "kek<1><STEAM_0:1:105068535><players>" has entered the game
L 18/09/2018 - 19:40:55: "kek<1><STEAM_0:1:105068535><players>" stats: frags="0.00" deaths="0" health="100" 
L 18/09/2018 - 19:41:17: "kek<1><STEAM_0:1:105068535><players>" disconnected
L 18/09/2018 - 19:42:24: Server shutdown
L 18/09/2018 - 19:42:24: Log file closed
L 18/09/2018 - 19:49:11: Log file started (file "logs\2018-09-18.log") (game "svencoop") (version "48/5.0.1.0/7964")
L 18/09/2018 - 19:49:11: [AFB] AFBase 1.4.0 PUBLIC - Plugin init
L 18/09/2018 - 19:49:11: [AFB] Loading expansions.
L 18/09/2018 - 19:49:11: [AFB] Registering expansion: AdminFuckery Base (SID: AFB) by Zode
L 18/09/2018 - 19:49:11: [AFB] Registering expansion: AdminFuckery2 Player Commands (SID: AF2P) by Zode
L 18/09/2018 - 19:49:11: [AFB] Registering expansion: AdminFuckery2 Entity Commands (SID: AF2E) by Zode
L 18/09/2018 - 19:49:11: [AFB] Registering expansion: AdminFuckery2 Fun Commands (SID: AF2F) by Zode
L 18/09/2018 - 19:49:11: [AFB] Registering expansion: AdminFuckery2 Menu System (SID: AF2MS) by Zode
L 18/09/2018 - 19:49:11: [AFB] Registering expansion: Hookmod v1.0 (SID: HM) by Zode
L 18/09/2018 - 19:49:11: [AFB] Expansions loaded!
L 18/09/2018 - 19:49:11: Server cvar "mp_banana" = "1"
L 18/09/2018 - 19:49:11: Server cvar "sv_maxspeed" = "270"
L 18/09/2018 - 19:49:12: [AFB] Map init(s) called in expansion(s).
L 18/09/2018 - 19:49:13: [AFB] Map activate(s) called in expansion(s).
L 18/09/2018 - 19:49:13: Started map "stadium4" (CRC "-1537396155")
L 18/09/2018 - 19:49:13: Server cvar "sv_voiceenable" = "1"
L 18/09/2018 - 19:49:13: Server cvar "sv_voiceenable" = "0"
L 18/09/2018 - 19:49:13: Log file closed
L 18/09/2018 - 19:49:13: Log file started (file "logs\2018-09-18.log") (game "svencoop") (version "48/5.0.1.0/7964")
L 18/09/2018 - 19:49:29: "kek<1><STEAM_0:1:105068535><>" connected, address "47.132.2.210:27005"
L 18/09/2018 - 19:49:29: [AFB] User kek connected from 47.132.2.210:27005
L 18/09/2018 - 19:49:29: "kek<1><STEAM_0:1:105068535><>" STEAM USERID validated
L 18/09/2018 - 19:49:32: [AFB] User cache missing. Getting ID from engine..
L 18/09/2018 - 19:49:32: [AFB] Granted access (abcdefghijklmnopqrstuvwyxz) to STEAM_0:1:105068535
L 18/09/2018 - 19:49:32: "kek<1><STEAM_0:1:105068535><players>" has entered the game
L 18/09/2018 - 19:49:41: "kek<1><STEAM_0:1:105068535><players>" say "glow red"
L 18/09/2018 - 19:49:45: "kek<1><STEAM_0:1:105068535><players>" say "glow off"
L 18/09/2018 - 19:49:50: "kek<1><STEAM_0:1:105068535><players>" say "glow turquoise"
L 18/09/2018 - 19:49:53: "kek<1><STEAM_0:1:105068535><players>" say "glow off"
L 18/09/2018 - 19:49:57: "kek<1><STEAM_0:1:105068535><players>" say "move"
L 18/09/2018 - 19:50:02: "kek<1><STEAM_0:1:105068535><players>" stats: frags="0.00" deaths="0" health="100" 
L 18/09/2018 - 19:50:33: "kek<1><STEAM_0:1:105068535><players>" stats: frags="0.00" deaths="0" health="100" 
L 18/09/2018 - 19:51:03: "kek<1><STEAM_0:1:105068535><players>" stats: frags="0.00" deaths="0" health="100" 
L 18/09/2018 - 19:51:11: DIFFICULTY: 50.0 Percent (Medium) (none were connected at Map-Begin)
L 18/09/2018 - 19:51:11: "kek<1><STEAM_0:1:105068535><players>" say "diff 100"
L 18/09/2018 - 19:51:33: "kek<1><STEAM_0:1:105068535><players>" stats: frags="0.00" deaths="0" health="92" 
L 18/09/2018 - 19:52:03: "kek<1><STEAM_0:1:105068535><players>" stats: frags="0.00" deaths="0" health="92" 
L 18/09/2018 - 19:52:33: "kek<1><STEAM_0:1:105068535><players>" stats: frags="0.00" deaths="0" health="92" 
L 18/09/2018 - 19:53:01: Server shutdown
L 18/09/2018 - 19:53:01: Log file closed
L 18/09/2018 - 19:53:47: Log file started (file "logs\2018-09-18.log") (game "svencoop") (version "48/5.0.1.0/7964")
L 18/09/2018 - 19:53:47: [AFB] AFBase 1.4.0 PUBLIC - Plugin init
L 18/09/2018 - 19:53:47: [AFB] Loading expansions.
L 18/09/2018 - 19:53:47: [AFB] Registering expansion: AdminFuckery Base (SID: AFB) by Zode
L 18/09/2018 - 19:53:47: [AFB] Registering expansion: AdminFuckery2 Player Commands (SID: AF2P) by Zode
L 18/09/2018 - 19:53:47: [AFB] Registering expansion: AdminFuckery2 Entity Commands (SID: AF2E) by Zode
L 18/09/2018 - 19:53:47: [AFB] Registering expansion: AdminFuckery2 Fun Commands (SID: AF2F) by Zode
L 18/09/2018 - 19:53:47: [AFB] Registering expansion: AdminFuckery2 Menu System (SID: AF2MS) by Zode
L 18/09/2018 - 19:53:47: [AFB] Registering expansion: Hookmod v1.0 (SID: HM) by Zode
L 18/09/2018 - 19:53:47: [AFB] Expansions loaded!
L 18/09/2018 - 19:53:47: Server cvar "mp_banana" = "1"
L 18/09/2018 - 19:53:47: Server cvar "sv_maxspeed" = "270"
L 18/09/2018 - 19:53:48: [AFB] Map init(s) called in expansion(s).
L 18/09/2018 - 19:53:48: [AFB] Map activate(s) called in expansion(s).
L 18/09/2018 - 19:53:49: Started map "stadium4" (CRC "-1537396155")
L 18/09/2018 - 19:53:49: Server cvar "sv_voiceenable" = "1"
L 18/09/2018 - 19:53:49: Server cvar "sv_voiceenable" = "0"
L 18/09/2018 - 19:53:49: Log file closed
L 18/09/2018 - 19:53:49: Log file started (file "logs\2018-09-18.log") (game "svencoop") (version "48/5.0.1.0/7964")
L 18/09/2018 - 19:54:00: "kek<1><STEAM_0:1:105068535><>" connected, address "47.132.2.210:27005"
L 18/09/2018 - 19:54:00: [AFB] User kek connected from 47.132.2.210:27005
L 18/09/2018 - 19:54:00: "kek<1><STEAM_0:1:105068535><>" STEAM USERID validated
L 18/09/2018 - 19:54:03: [AFB] User cache missing. Getting ID from engine..
L 18/09/2018 - 19:54:03: [AFB] Granted access (abcdefghijklmnopqrstuvwyxz) to STEAM_0:1:105068535
L 18/09/2018 - 19:54:03: "kek<1><STEAM_0:1:105068535><players>" has entered the game
L 18/09/2018 - 19:54:09: "kek<1><STEAM_0:1:105068535><players>" say "mvoe"
L 18/09/2018 - 19:54:11: "kek<1><STEAM_0:1:105068535><players>" say "move"
L 18/09/2018 - 19:54:23: "kek<1><STEAM_0:1:105068535><players>" disconnected
L 18/09/2018 - 19:58:33: Server shutdown
L 18/09/2018 - 19:58:33: Log file closed
L 18/09/2018 - 20:10:57: Log file started (file "logs\2018-09-18.log") (game "svencoop") (version "48/5.0.1.0/7964")
L 18/09/2018 - 20:10:57: [AFB] AFBase 1.4.0 PUBLIC - Plugin init
L 18/09/2018 - 20:10:57: [AFB] Loading expansions.
L 18/09/2018 - 20:10:57: [AFB] Registering expansion: AdminFuckery Base (SID: AFB) by Zode
L 18/09/2018 - 20:10:57: [AFB] Registering expansion: AdminFuckery2 Player Commands (SID: AF2P) by Zode
L 18/09/2018 - 20:10:57: [AFB] Registering expansion: AdminFuckery2 Entity Commands (SID: AF2E) by Zode
L 18/09/2018 - 20:10:57: [AFB] Registering expansion: AdminFuckery2 Fun Commands (SID: AF2F) by Zode
L 18/09/2018 - 20:10:57: [AFB] Registering expansion: AdminFuckery2 Menu System (SID: AF2MS) by Zode
L 18/09/2018 - 20:10:57: [AFB] Registering expansion: Hookmod v1.0 (SID: HM) by Zode
L 18/09/2018 - 20:10:57: [AFB] Expansions loaded!
L 18/09/2018 - 20:10:57: Server cvar "mp_banana" = "1"
L 18/09/2018 - 20:10:57: Server cvar "sv_maxspeed" = "270"
L 18/09/2018 - 20:10:58: [AFB] Map init(s) called in expansion(s).
L 18/09/2018 - 20:10:58: [AFB] Map activate(s) called in expansion(s).
L 18/09/2018 - 20:10:59: Started map "stadium4" (CRC "-1537396155")
L 18/09/2018 - 20:10:59: Server cvar "sv_voiceenable" = "1"
L 18/09/2018 - 20:10:59: Server cvar "sv_voiceenable" = "0"
L 18/09/2018 - 20:10:59: Log file closed
L 18/09/2018 - 20:10:59: Log file started (file "logs\2018-09-18.log") (game "svencoop") (version "48/5.0.1.0/7964")
L 18/09/2018 - 20:11:51: "kek<1><STEAM_0:1:105068535><>" connected, address "47.132.2.210:27005"
L 18/09/2018 - 20:11:51: [AFB] User kek connected from 47.132.2.210:27005
L 18/09/2018 - 20:11:51: "kek<1><STEAM_0:1:105068535><>" STEAM USERID validated
L 18/09/2018 - 20:11:55: [AFB] User cache missing. Getting ID from engine..
L 18/09/2018 - 20:11:55: [AFB] Granted access (abcdefghijklmnopqrstuvwyxz) to STEAM_0:1:105068535
L 18/09/2018 - 20:11:55: "kek<1><STEAM_0:1:105068535><players>" has entered the game
L 18/09/2018 - 20:12:25: "kek<1><STEAM_0:1:105068535><players>" stats: frags="0.00" deaths="0" health="100" 
L 18/09/2018 - 20:12:55: "kek<1><STEAM_0:1:105068535><players>" stats: frags="0.00" deaths="0" health="100" 
L 18/09/2018 - 20:13:25: "kek<1><STEAM_0:1:105068535><players>" stats: frags="0.00" deaths="0" health="100" 
L 18/09/2018 - 20:13:34: Server shutdown
L 18/09/2018 - 20:13:34: Log file closed
L 18/09/2018 - 20:43:20: Log file started (file "logs\2018-09-18.log") (game "svencoop") (version "48/5.0.1.0/7964")
L 18/09/2018 - 20:43:21: [AFB] AFBase 1.3.2 PUBLIC - Plugin init
L 18/09/2018 - 20:43:21: [AFB] Loading expansions.
L 18/09/2018 - 20:43:21: [AFB] Registering expansion: AdminFuckery Base (SID: AFB) by Zode
L 18/09/2018 - 20:43:21: [AFB] Registering expansion: AdminFuckery2 Player Commands (SID: AF2P) by Zode
L 18/09/2018 - 20:43:21: [AFB] Registering expansion: AdminFuckery2 Entity Commands (SID: AF2E) by Zode
L 18/09/2018 - 20:43:21: [AFB] Registering expansion: AdminFuckery2 Fun Commands (SID: AF2F) by Zode
L 18/09/2018 - 20:43:21: [AFB] Expansions loaded!
L 18/09/2018 - 20:43:21: Server cvar "mp_banana" = "1"
L 18/09/2018 - 20:43:21: Server cvar "sv_maxspeed" = "270"
L 18/09/2018 - 20:43:21: [AFB] Map init.
L 18/09/2018 - 20:43:22: Started map "stadium4" (CRC "-1537396155")
L 18/09/2018 - 20:43:22: Server cvar "sv_voiceenable" = "1"
L 18/09/2018 - 20:43:23: Server cvar "sv_voiceenable" = "0"
L 18/09/2018 - 20:43:23: Log file closed
L 18/09/2018 - 20:43:23: Log file started (file "logs\2018-09-18.log") (game "svencoop") (version "48/5.0.1.0/7964")
L 18/09/2018 - 20:43:42: "kek<1><STEAM_0:1:105068535><>" connected, address "47.132.2.210:27005"
L 18/09/2018 - 20:43:42: [AFB] User kek connected from 47.132.2.210:27005
L 18/09/2018 - 20:43:42: "kek<1><STEAM_0:1:105068535><>" STEAM USERID validated
L 18/09/2018 - 20:43:42: Welcome to HVRDCORE HVLF-LIFE - PREPARE TO DIE!!!
L 18/09/2018 - 20:44:31: [AFB] Granted access (abcdefghijklmnopqrstuvwyxz) to STEAM_0:1:105068535
L 18/09/2018 - 20:44:31: "kek<1><STEAM_0:1:105068535><players>" has entered the game
L 18/09/2018 - 20:44:53: "kek<1><STEAM_0:1:105068535><players>" say "shit"
L 18/09/2018 - 20:44:57: "kek<1><STEAM_0:1:105068535><players>" say "oof"
L 18/09/2018 - 20:45:01: "kek<1><STEAM_0:1:105068535><players>" stats: frags="0.00" deaths="0" health="100" 
L 18/09/2018 - 20:45:01: "kek<1><STEAM_0:1:105068535><players>" say "ooof"
L 18/09/2018 - 20:45:03: "kek<1><STEAM_0:1:105068535><players>" say "shit"
L 18/09/2018 - 20:45:04: "kek<1><STEAM_0:1:105068535><players>" say "shit"
L 18/09/2018 - 20:45:10: "kek<1><STEAM_0:1:105068535><players>" say "shit"
L 18/09/2018 - 20:45:13: "kek<1><STEAM_0:1:105068535><players>" say "lol"
L 18/09/2018 - 20:45:15: "kek<1><STEAM_0:1:105068535><players>" say "lol"
L 18/09/2018 - 20:45:27: "kek<1><STEAM_0:1:105068535><players>" say "toasty"
L 18/09/2018 - 20:45:31: "kek<1><STEAM_0:1:105068535><players>" stats: frags="0.00" deaths="0" health="100" 
L 18/09/2018 - 20:45:34: "kek<1><STEAM_0:1:105068535><players>" say "321"
L 18/09/2018 - 20:45:40: "kek<1><STEAM_0:1:105068535><players>" say "cum"
L 18/09/2018 - 20:45:45: "kek<1><STEAM_0:1:105068535><players>" say "hotaliensex"
L 18/09/2018 - 20:45:51: "kek<1><STEAM_0:1:105068535><players>" say "holyshit"
L 18/09/2018 - 20:45:57: "kek<1><STEAM_0:1:105068535><players>" say "wombo"
L 18/09/2018 - 20:46:01: "kek<1><STEAM_0:1:105068535><players>" stats: frags="0.00" deaths="0" health="100" 
L 18/09/2018 - 20:46:28: "kek<1><STEAM_0:1:105068535><players>" disconnected
L 18/09/2018 - 20:46:28: DIFFICULTY: Client disconnected: Median next map HARDCOREL 18/09/2018 - 20:46:37: Server shutdown
L 18/09/2018 - 20:46:37: Log file closed
L 18/09/2018 - 20:47:16: Log file started (file "logs\2018-09-18.log") (game "svencoop") (version "48/5.0.1.0/7964")
L 18/09/2018 - 20:47:16: [AFB] AFBase 1.3.2 PUBLIC - Plugin init
L 18/09/2018 - 20:47:16: [AFB] Loading expansions.
L 18/09/2018 - 20:47:16: [AFB] Registering expansion: AdminFuckery Base (SID: AFB) by Zode
L 18/09/2018 - 20:47:16: [AFB] Registering expansion: AdminFuckery2 Player Commands (SID: AF2P) by Zode
L 18/09/2018 - 20:47:16: [AFB] Registering expansion: AdminFuckery2 Entity Commands (SID: AF2E) by Zode
L 18/09/2018 - 20:47:16: [AFB] Registering expansion: AdminFuckery2 Fun Commands (SID: AF2F) by Zode
L 18/09/2018 - 20:47:16: [AFB] Expansions loaded!
L 18/09/2018 - 20:47:16: Server cvar "mp_banana" = "1"
L 18/09/2018 - 20:47:16: Server cvar "sv_maxspeed" = "270"
L 18/09/2018 - 20:47:17: [AFB] Map init.
L 18/09/2018 - 20:47:18: Started map "stadium4" (CRC "-1537396155")
L 18/09/2018 - 20:47:18: Server cvar "sv_voiceenable" = "1"
L 18/09/2018 - 20:47:18: Server cvar "sv_voiceenable" = "0"
L 18/09/2018 - 20:47:18: Log file closed
L 18/09/2018 - 20:47:18: Log file started (file "logs\2018-09-18.log") (game "svencoop") (version "48/5.0.1.0/7964")
L 18/09/2018 - 20:47:35: "kek<1><STEAM_0:1:105068535><>" connected, address "47.132.2.210:27005"
L 18/09/2018 - 20:47:35: [AFB] User kek connected from 47.132.2.210:27005
L 18/09/2018 - 20:47:36: "kek<1><STEAM_0:1:105068535><>" STEAM USERID validated
L 18/09/2018 - 20:47:38: Welcome to HVRDCORE HVLF-LIFE - PREPARE TO DIE!!!
L 18/09/2018 - 20:47:40: [AFB] Granted access (abcdefghijklmnopqrstuvwyxz) to STEAM_0:1:105068535
L 18/09/2018 - 20:47:40: "kek<1><STEAM_0:1:105068535><players>" has entered the game
L 18/09/2018 - 20:47:50: "kek<1><STEAM_0:1:105068535><players>" say "shit"
L 18/09/2018 - 20:47:53: "kek<1><STEAM_0:1:105068535><players>" say "oof"
L 18/09/2018 - 20:48:02: "kek<1><STEAM_0:1:105068535><players>" say "jurassic"
L 18/09/2018 - 20:48:10: "kek<1><STEAM_0:1:105068535><players>" stats: frags="0.00" deaths="0" health="100" 
L 18/09/2018 - 20:48:28: "kek<1><STEAM_0:1:105068535><players>" disconnected
L 18/09/2018 - 20:48:28: DIFFICULTY: Client disconnected: Median next map HARDCOREL 18/09/2018 - 20:48:38: Log file closed
L 18/09/2018 - 20:48:38: Log file started (file "logs\2018-09-18.log") (game "svencoop") (version "48/5.0.1.0/7964")
L 18/09/2018 - 20:48:38: Loading map "stadium4"
L 18/09/2018 - 20:48:38: Server cvars start
L 18/09/2018 - 20:48:38: Server cvar "adminsfile" = "admins.txt"
L 18/09/2018 - 20:48:38: Server cvar "allow_spectators" = "1.0"
L 18/09/2018 - 20:48:38: Server cvar "coop" = "0"
L 18/09/2018 - 20:48:38: Server cvar "deathmatch" = "1"
L 18/09/2018 - 20:48:38: Server cvar "edgefriction" = "2"
L 18/09/2018 - 20:48:38: Server cvar "gamebuild" = "6142"
L 18/09/2018 - 20:48:38: Server cvar "gamename" = "Sven Co-op"
L 18/09/2018 - 20:48:38: Server cvar "gameversion" = "5.17"
L 18/09/2018 - 20:48:38: Server cvar "gameversionnum" = "5.17"
L 18/09/2018 - 20:48:38: Server cvar "mapvotecfgfile" = "mapvote.cfg"
L 18/09/2018 - 20:48:38: Server cvar "max_queries_sec" = "3.0"
L 18/09/2018 - 20:48:38: Server cvar "max_queries_sec_global" = "30"
L 18/09/2018 - 20:48:38: Server cvar "max_queries_window" = "60"
L 18/09/2018 - 20:48:38: Server cvar "mp_banana" = "1"
L 18/09/2018 - 20:48:38: Server cvar "mp_consistency" = "0"
L 18/09/2018 - 20:48:38: Server cvar "mp_footsteps" = "1"
L 18/09/2018 - 20:48:38: Server cvar "mp_logfile" = "1"
L 18/09/2018 - 20:48:38: Server cvar "mp_nextmap_cycle" = "campaign_vote1"
L 18/09/2018 - 20:48:38: Server cvar "mp_notimelimit" = "0.0"
L 18/09/2018 - 20:48:38: Server cvar "pausable" = "0"
L 18/09/2018 - 20:48:38: Server cvar "skillcfgfile" = "scripts/plugins/store/skill.cfg"
L 18/09/2018 - 20:48:38: Server cvar "sv_accelerate" = "10"
L 18/09/2018 - 20:48:38: Server cvar "sv_admin_icon" = "gfx/icons/admin.tga"
L 18/09/2018 - 20:48:38: Server cvar "sv_aim" = "0"
L 18/09/2018 - 20:48:38: Server cvar "sv_airaccelerate" = "10"
L 18/09/2018 - 20:48:38: Server cvar "sv_allowupload" = "1"
L 18/09/2018 - 20:48:38: Server cvar "sv_alltalk" = "0"
L 18/09/2018 - 20:48:38: Server cvar "sv_bounce" = "1"
L 18/09/2018 - 20:48:38: Server cvar "sv_cheats" = "2"
L 18/09/2018 - 20:48:38: Server cvar "sv_clienttrace" = "1"
L 18/09/2018 - 20:48:38: Server cvar "sv_contact" = ""
L 18/09/2018 - 20:48:38: Server cvar "sv_friction" = "4"
L 18/09/2018 - 20:48:38: Server cvar "sv_gravity" = "800"
L 18/09/2018 - 20:48:38: Server cvar "sv_logblocks" = "0"
L 18/09/2018 - 20:48:38: Server cvar "sv_maxrate" = "0"
L 18/09/2018 - 20:48:38: Server cvar "sv_maxspeed" = "270"
L 18/09/2018 - 20:48:38: Server cvar "sv_minrate" = "0"
L 18/09/2018 - 20:48:38: Server cvar "sv_password" = ""
L 18/09/2018 - 20:48:38: Server cvar "sv_proxies" = "1"
L 18/09/2018 - 20:48:38: Server cvar "sv_stepsize" = "18"
L 18/09/2018 - 20:48:38: Server cvar "sv_stopspeed" = "100"
L 18/09/2018 - 20:48:38: Server cvar "sv_uploadmax" = "0.5"
L 18/09/2018 - 20:48:38: Server cvar "sv_voiceenable" = "0"
L 18/09/2018 - 20:48:38: Server cvar "sv_wateraccelerate" = "10"
L 18/09/2018 - 20:48:38: Server cvar "sv_waterfriction" = "1"
L 18/09/2018 - 20:48:38: Server cvars end
L 18/09/2018 - 20:48:38: Log file closed
L 18/09/2018 - 20:48:38: Log file started (file "logs\2018-09-18.log") (game "svencoop") (version "48/5.0.1.0/7964")
L 18/09/2018 - 20:48:39: [AFB] Map init.
L 18/09/2018 - 20:48:40: Started map "stadium4" (CRC "-1537396155")
L 18/09/2018 - 20:48:59: Welcome to HVRDCORE HVLF-LIFE - PREPARE TO DIE!!!
L 18/09/2018 - 20:59:51: Server shutdown
L 18/09/2018 - 20:59:51: Log file closed
L 18/09/2018 - 21:00:04: Log file started (file "logs\2018-09-18.log") (game "svencoop") (version "48/5.0.1.0/7964")
L 18/09/2018 - 21:00:04: [AFB] AFBase 1.3.2 PUBLIC - Plugin init
L 18/09/2018 - 21:00:04: [AFB] Loading expansions.
L 18/09/2018 - 21:00:04: [AFB] Registering expansion: AdminFuckery Base (SID: AFB) by Zode
L 18/09/2018 - 21:00:04: [AFB] Registering expansion: AdminFuckery2 Player Commands (SID: AF2P) by Zode
L 18/09/2018 - 21:00:04: [AFB] Registering expansion: AdminFuckery2 Entity Commands (SID: AF2E) by Zode
L 18/09/2018 - 21:00:04: [AFB] Registering expansion: AdminFuckery2 Fun Commands (SID: AF2F) by Zode
L 18/09/2018 - 21:00:04: [AFB] Expansions loaded!
L 18/09/2018 - 21:00:04: Server cvar "mp_banana" = "1"
L 18/09/2018 - 21:00:04: Server cvar "sv_maxspeed" = "270"
L 18/09/2018 - 21:00:05: [AFB] Map init.
L 18/09/2018 - 21:00:06: Started map "stadium4" (CRC "-1537396155")
L 18/09/2018 - 21:00:06: Server cvar "sv_voiceenable" = "1"
L 18/09/2018 - 21:00:06: Server cvar "sv_voiceenable" = "0"
L 18/09/2018 - 21:00:06: Log file closed
L 18/09/2018 - 21:00:06: Log file started (file "logs\2018-09-18.log") (game "svencoop") (version "48/5.0.1.0/7964")
L 18/09/2018 - 21:00:16: "kek<1><STEAM_0:1:105068535><>" connected, address "47.132.2.210:27005"
L 18/09/2018 - 21:00:16: [AFB] User kek connected from 47.132.2.210:27005
L 18/09/2018 - 21:00:16: "kek<1><STEAM_0:1:105068535><>" STEAM USERID validated
L 18/09/2018 - 21:00:21: [AFB] Granted access (abcdefghijklmnopqrstuvwyxz) to STEAM_0:1:105068535
L 18/09/2018 - 21:00:21: "kek<1><STEAM_0:1:105068535><players>" has entered the game
L 18/09/2018 - 21:00:26: Welcome to HVRDCORE HVLF-LIFE - PREPARE TO DIE!!!
L 18/09/2018 - 21:00:28: "kek<1><STEAM_0:1:105068535><players>" say "bogies"
L 18/09/2018 - 21:00:32: "kek<1><STEAM_0:1:105068535><players>" say "hostiles"
L 18/09/2018 - 21:00:34: "kek<1><STEAM_0:1:105068535><players>" say "hostiles"
L 18/09/2018 - 21:00:39: "kek<1><STEAM_0:1:105068535><players>" say "negative"
L 18/09/2018 - 21:00:43: "kek<1><STEAM_0:1:105068535><players>" say "roger"
L 18/09/2018 - 21:00:45: "kek<1><STEAM_0:1:105068535><players>" say "roger"
L 18/09/2018 - 21:00:51: "kek<1><STEAM_0:1:105068535><players>" stats: frags="0.00" deaths="0" health="100" 
L 18/09/2018 - 21:00:52: "kek<1><STEAM_0:1:105068535><players>" say "bogies"
L 18/09/2018 - 21:00:57: "kek<1><STEAM_0:1:105068535><players>" say "shit"
L 18/09/2018 - 21:01:01: "kek<1><STEAM_0:1:105068535><players>" say "ass"
L 18/09/2018 - 21:01:03: "kek<1><STEAM_0:1:105068535><players>" say "ass"
L 18/09/2018 - 21:01:06: "kek<1><STEAM_0:1:105068535><players>" disconnected
L 18/09/2018 - 21:01:06: DIFFICULTY: Client disconnected: Median next map HARDCOREL 18/09/2018 - 21:01:16: Log file closed
L 18/09/2018 - 21:01:16: Log file started (file "logs\2018-09-18.log") (game "svencoop") (version "48/5.0.1.0/7964")
L 18/09/2018 - 21:01:16: Loading map "stadium4"
L 18/09/2018 - 21:01:16: Server cvars start
L 18/09/2018 - 21:01:16: Server cvar "adminsfile" = "admins.txt"
L 18/09/2018 - 21:01:16: Server cvar "allow_spectators" = "1.0"
L 18/09/2018 - 21:01:16: Server cvar "coop" = "0"
L 18/09/2018 - 21:01:16: Server cvar "deathmatch" = "1"
L 18/09/2018 - 21:01:16: Server cvar "edgefriction" = "2"
L 18/09/2018 - 21:01:16: Server cvar "gamebuild" = "6142"
L 18/09/2018 - 21:01:16: Server cvar "gamename" = "Sven Co-op"
L 18/09/2018 - 21:01:16: Server cvar "gameversion" = "5.17"
L 18/09/2018 - 21:01:16: Server cvar "gameversionnum" = "5.17"
L 18/09/2018 - 21:01:16: Server cvar "mapvotecfgfile" = "mapvote.cfg"
L 18/09/2018 - 21:01:16: Server cvar "max_queries_sec" = "3.0"
L 18/09/2018 - 21:01:16: Server cvar "max_queries_sec_global" = "30"
L 18/09/2018 - 21:01:16: Server cvar "max_queries_window" = "60"
L 18/09/2018 - 21:01:16: Server cvar "mp_banana" = "1"
L 18/09/2018 - 21:01:16: Server cvar "mp_consistency" = "0"
L 18/09/2018 - 21:01:16: Server cvar "mp_footsteps" = "1"
L 18/09/2018 - 21:01:16: Server cvar "mp_logfile" = "1"
L 18/09/2018 - 21:01:16: Server cvar "mp_nextmap_cycle" = "campaign_vote1"
L 18/09/2018 - 21:01:16: Server cvar "mp_notimelimit" = "0.0"
L 18/09/2018 - 21:01:16: Server cvar "pausable" = "0"
L 18/09/2018 - 21:01:16: Server cvar "skillcfgfile" = "scripts/plugins/store/skill.cfg"
L 18/09/2018 - 21:01:16: Server cvar "sv_accelerate" = "10"
L 18/09/2018 - 21:01:16: Server cvar "sv_admin_icon" = "gfx/icons/admin.tga"
L 18/09/2018 - 21:01:16: Server cvar "sv_aim" = "0"
L 18/09/2018 - 21:01:16: Server cvar "sv_airaccelerate" = "10"
L 18/09/2018 - 21:01:16: Server cvar "sv_allowupload" = "1"
L 18/09/2018 - 21:01:16: Server cvar "sv_alltalk" = "0"
L 18/09/2018 - 21:01:16: Server cvar "sv_bounce" = "1"
L 18/09/2018 - 21:01:16: Server cvar "sv_cheats" = "2"
L 18/09/2018 - 21:01:16: Server cvar "sv_clienttrace" = "1"
L 18/09/2018 - 21:01:16: Server cvar "sv_contact" = ""
L 18/09/2018 - 21:01:16: Server cvar "sv_friction" = "4"
L 18/09/2018 - 21:01:16: Server cvar "sv_gravity" = "800"
L 18/09/2018 - 21:01:16: Server cvar "sv_logblocks" = "0"
L 18/09/2018 - 21:01:16: Server cvar "sv_maxrate" = "0"
L 18/09/2018 - 21:01:16: Server cvar "sv_maxspeed" = "270"
L 18/09/2018 - 21:01:16: Server cvar "sv_minrate" = "0"
L 18/09/2018 - 21:01:16: Server cvar "sv_password" = ""
L 18/09/2018 - 21:01:16: Server cvar "sv_proxies" = "1"
L 18/09/2018 - 21:01:16: Server cvar "sv_stepsize" = "18"
L 18/09/2018 - 21:01:16: Server cvar "sv_stopspeed" = "100"
L 18/09/2018 - 21:01:16: Server cvar "sv_uploadmax" = "0.5"
L 18/09/2018 - 21:01:16: Server cvar "sv_voiceenable" = "0"
L 18/09/2018 - 21:01:16: Server cvar "sv_wateraccelerate" = "10"
L 18/09/2018 - 21:01:16: Server cvar "sv_waterfriction" = "1"
L 18/09/2018 - 21:01:16: Server cvars end
L 18/09/2018 - 21:01:16: Log file closed
L 18/09/2018 - 21:01:16: Log file started (file "logs\2018-09-18.log") (game "svencoop") (version "48/5.0.1.0/7964")
L 18/09/2018 - 21:01:17: [AFB] Map init.
L 18/09/2018 - 21:01:18: Started map "stadium4" (CRC "-1537396155")
L 18/09/2018 - 21:01:29: Server shutdown
L 18/09/2018 - 21:01:29: Log file closed
L 18/09/2018 - 21:03:06: Log file started (file "logs\2018-09-18.log") (game "svencoop") (version "48/5.0.1.0/7964")
L 18/09/2018 - 21:03:06: [AFB] AFBase 1.3.2 PUBLIC - Plugin init
L 18/09/2018 - 21:03:06: [AFB] Loading expansions.
L 18/09/2018 - 21:03:06: [AFB] Registering expansion: AdminFuckery Base (SID: AFB) by Zode
L 18/09/2018 - 21:03:06: [AFB] Registering expansion: AdminFuckery2 Player Commands (SID: AF2P) by Zode
L 18/09/2018 - 21:03:06: [AFB] Registering expansion: AdminFuckery2 Entity Commands (SID: AF2E) by Zode
L 18/09/2018 - 21:03:06: [AFB] Registering expansion: AdminFuckery2 Fun Commands (SID: AF2F) by Zode
L 18/09/2018 - 21:03:06: [AFB] Expansions loaded!
L 18/09/2018 - 21:03:06: Server cvar "mp_banana" = "1"
L 18/09/2018 - 21:03:06: Server cvar "sv_maxspeed" = "270"
L 18/09/2018 - 21:03:07: [AFB] Map init.
L 18/09/2018 - 21:03:08: Started map "stadium4" (CRC "-1537396155")
L 18/09/2018 - 21:03:08: Server cvar "sv_voiceenable" = "1"
L 18/09/2018 - 21:03:09: Server cvar "sv_voiceenable" = "0"
L 18/09/2018 - 21:03:09: Log file closed
L 18/09/2018 - 21:03:09: Log file started (file "logs\2018-09-18.log") (game "svencoop") (version "48/5.0.1.0/7964")
L 18/09/2018 - 21:03:20: "kek<1><STEAM_0:1:105068535><>" connected, address "47.132.2.210:27005"
L 18/09/2018 - 21:03:20: [AFB] User kek connected from 47.132.2.210:27005
L 18/09/2018 - 21:03:21: "kek<1><STEAM_0:1:105068535><>" STEAM USERID validated
L 18/09/2018 - 21:03:25: [AFB] Granted access (abcdefghijklmnopqrstuvwyxz) to STEAM_0:1:105068535
L 18/09/2018 - 21:03:25: "kek<1><STEAM_0:1:105068535><players>" has entered the game
L 18/09/2018 - 21:03:29: Welcome to HVRDCORE HVLF-LIFE - PREPARE TO DIE!!!
L 18/09/2018 - 21:03:35: "kek<1><STEAM_0:1:105068535><players>" say "ass"
L 18/09/2018 - 21:03:39: "kek<1><STEAM_0:1:105068535><players>" say "ass!"
L 18/09/2018 - 21:03:41: "kek<1><STEAM_0:1:105068535><players>" say "ass!"
L 18/09/2018 - 21:03:46: "kek<1><STEAM_0:1:105068535><players>" say "shit"
L 18/09/2018 - 21:03:51: "kek<1><STEAM_0:1:105068535><players>" say "affirmative"
L 18/09/2018 - 21:03:53: "kek<1><STEAM_0:1:105068535><players>" say "roger"
L 18/09/2018 - 21:03:55: "kek<1><STEAM_0:1:105068535><players>" stats: frags="0.00" deaths="0" health="100" 
L 18/09/2018 - 21:03:59: "kek<1><STEAM_0:1:105068535><players>" say "negative"
L 18/09/2018 - 21:04:04: "kek<1><STEAM_0:1:105068535><players>" say "bogies"
L 18/09/2018 - 21:04:05: "kek<1><STEAM_0:1:105068535><players>" say "bogies"
L 18/09/2018 - 21:04:10: "kek<1><STEAM_0:1:105068535><players>" say "shit"
L 18/09/2018 - 21:04:12: "kek<1><STEAM_0:1:105068535><players>" disconnected
L 18/09/2018 - 21:04:12: DIFFICULTY: Client disconnected: Median next map HARDCOREL 18/09/2018 - 21:04:22: Log file closed
L 18/09/2018 - 21:04:22: Log file started (file "logs\2018-09-18.log") (game "svencoop") (version "48/5.0.1.0/7964")
L 18/09/2018 - 21:04:22: Loading map "stadium4"
L 18/09/2018 - 21:04:22: Server cvars start
L 18/09/2018 - 21:04:22: Server cvar "adminsfile" = "admins.txt"
L 18/09/2018 - 21:04:22: Server cvar "allow_spectators" = "1.0"
L 18/09/2018 - 21:04:22: Server cvar "coop" = "0"
L 18/09/2018 - 21:04:22: Server cvar "deathmatch" = "1"
L 18/09/2018 - 21:04:22: Server cvar "edgefriction" = "2"
L 18/09/2018 - 21:04:22: Server cvar "gamebuild" = "6142"
L 18/09/2018 - 21:04:22: Server cvar "gamename" = "Sven Co-op"
L 18/09/2018 - 21:04:22: Server cvar "gameversion" = "5.17"
L 18/09/2018 - 21:04:22: Server cvar "gameversionnum" = "5.17"
L 18/09/2018 - 21:04:22: Server cvar "mapvotecfgfile" = "mapvote.cfg"
L 18/09/2018 - 21:04:22: Server cvar "max_queries_sec" = "3.0"
L 18/09/2018 - 21:04:22: Server cvar "max_queries_sec_global" = "30"
L 18/09/2018 - 21:04:22: Server cvar "max_queries_window" = "60"
L 18/09/2018 - 21:04:22: Server cvar "mp_banana" = "1"
L 18/09/2018 - 21:04:22: Server cvar "mp_consistency" = "0"
L 18/09/2018 - 21:04:22: Server cvar "mp_footsteps" = "1"
L 18/09/2018 - 21:04:22: Server cvar "mp_logfile" = "1"
L 18/09/2018 - 21:04:22: Server cvar "mp_nextmap_cycle" = "campaign_vote1"
L 18/09/2018 - 21:04:22: Server cvar "mp_notimelimit" = "0.0"
L 18/09/2018 - 21:04:22: Server cvar "pausable" = "0"
L 18/09/2018 - 21:04:22: Server cvar "skillcfgfile" = "scripts/plugins/store/skill.cfg"
L 18/09/2018 - 21:04:22: Server cvar "sv_accelerate" = "10"
L 18/09/2018 - 21:04:22: Server cvar "sv_admin_icon" = "gfx/icons/admin.tga"
L 18/09/2018 - 21:04:22: Server cvar "sv_aim" = "0"
L 18/09/2018 - 21:04:22: Server cvar "sv_airaccelerate" = "10"
L 18/09/2018 - 21:04:22: Server cvar "sv_allowupload" = "1"
L 18/09/2018 - 21:04:22: Server cvar "sv_alltalk" = "0"
L 18/09/2018 - 21:04:22: Server cvar "sv_bounce" = "1"
L 18/09/2018 - 21:04:22: Server cvar "sv_cheats" = "2"
L 18/09/2018 - 21:04:22: Server cvar "sv_clienttrace" = "1"
L 18/09/2018 - 21:04:22: Server cvar "sv_contact" = ""
L 18/09/2018 - 21:04:22: Server cvar "sv_friction" = "4"
L 18/09/2018 - 21:04:22: Server cvar "sv_gravity" = "800"
L 18/09/2018 - 21:04:22: Server cvar "sv_logblocks" = "0"
L 18/09/2018 - 21:04:22: Server cvar "sv_maxrate" = "0"
L 18/09/2018 - 21:04:22: Server cvar "sv_maxspeed" = "270"
L 18/09/2018 - 21:04:22: Server cvar "sv_minrate" = "0"
L 18/09/2018 - 21:04:22: Server cvar "sv_password" = ""
L 18/09/2018 - 21:04:22: Server cvar "sv_proxies" = "1"
L 18/09/2018 - 21:04:22: Server cvar "sv_stepsize" = "18"
L 18/09/2018 - 21:04:22: Server cvar "sv_stopspeed" = "100"
L 18/09/2018 - 21:04:22: Server cvar "sv_uploadmax" = "0.5"
L 18/09/2018 - 21:04:22: Server cvar "sv_voiceenable" = "0"
L 18/09/2018 - 21:04:22: Server cvar "sv_wateraccelerate" = "10"
L 18/09/2018 - 21:04:22: Server cvar "sv_waterfriction" = "1"
L 18/09/2018 - 21:04:22: Server cvars end
L 18/09/2018 - 21:04:22: Log file closed
L 18/09/2018 - 21:04:22: Log file started (file "logs\2018-09-18.log") (game "svencoop") (version "48/5.0.1.0/7964")
L 18/09/2018 - 21:04:23: [AFB] Map init.
L 18/09/2018 - 21:04:23: Started map "stadium4" (CRC "-1537396155")
L 18/09/2018 - 21:04:24: Server shutdown
L 18/09/2018 - 21:04:24: Log file closed
L 18/09/2018 - 22:03:36: Log file started (file "logs\2018-09-18.log") (game "svencoop") (version "48/5.0.1.0/7964")
L 18/09/2018 - 22:03:36: [AFB] AFBase 1.3.2 PUBLIC - Plugin init
L 18/09/2018 - 22:03:36: [AFB] Loading expansions.
L 18/09/2018 - 22:03:36: [AFB] Registering expansion: AdminFuckery Base (SID: AFB) by Zode
L 18/09/2018 - 22:03:36: [AFB] Registering expansion: AdminFuckery2 Player Commands (SID: AF2P) by Zode
L 18/09/2018 - 22:03:36: [AFB] Registering expansion: AdminFuckery2 Entity Commands (SID: AF2E) by Zode
L 18/09/2018 - 22:03:36: [AFB] Registering expansion: AdminFuckery2 Fun Commands (SID: AF2F) by Zode
L 18/09/2018 - 22:03:36: [AFB] Expansions loaded!
L 18/09/2018 - 22:03:36: Server cvar "mp_banana" = "1"
L 18/09/2018 - 22:03:36: Server cvar "sv_maxspeed" = "270"
L 18/09/2018 - 22:03:37: [AFB] Map init.
L 18/09/2018 - 22:03:38: Started map "stadium4" (CRC "-1537396155")
L 18/09/2018 - 22:03:38: Server cvar "sv_voiceenable" = "1"
L 18/09/2018 - 22:03:39: Server cvar "sv_voiceenable" = "0"
L 18/09/2018 - 22:03:39: Log file closed
L 18/09/2018 - 22:03:39: Log file started (file "logs\2018-09-18.log") (game "svencoop") (version "48/5.0.1.0/7964")
L 18/09/2018 - 22:03:45: "kek<1><STEAM_0:1:105068535><>" connected, address "47.132.2.210:27005"
L 18/09/2018 - 22:03:45: [AFB] User kek connected from 47.132.2.210:27005
L 18/09/2018 - 22:03:45: "kek<1><STEAM_0:1:105068535><>" STEAM USERID validated
L 18/09/2018 - 22:03:59: Welcome to HVRDCORE HVLF-LIFE - PREPARE TO DIE!!!
L 18/09/2018 - 22:04:35: [AFB] Granted access (abcdefghijklmnopqrstuvwyxz) to STEAM_0:1:105068535
L 18/09/2018 - 22:04:35: "kek<1><STEAM_0:1:105068535><players>" has entered the game
L 18/09/2018 - 22:04:43: "kek<1><STEAM_0:1:105068535><players>" say "skidaddle"
L 18/09/2018 - 22:04:58: "kek<1><STEAM_0:1:105068535><players>" say "oof"
L 18/09/2018 - 22:05:02: "kek<1><STEAM_0:1:105068535><players>" say "ass"
L 18/09/2018 - 22:05:03: "kek<1><STEAM_0:1:105068535><players>" say "ass"
L 18/09/2018 - 22:05:05: "kek<1><STEAM_0:1:105068535><players>" stats: frags="0.00" deaths="0" health="100" 
L 18/09/2018 - 22:05:06: "kek<1><STEAM_0:1:105068535><players>" say "ass!"
L 18/09/2018 - 22:05:10: "kek<1><STEAM_0:1:105068535><players>" say "ass!"
L 18/09/2018 - 22:05:16: "kek<1><STEAM_0:1:105068535><players>" say "shroom"
L 18/09/2018 - 22:05:22: "kek<1><STEAM_0:1:105068535><players>" say "win"
L 18/09/2018 - 22:05:28: "kek<1><STEAM_0:1:105068535><players>" say "retard"
L 18/09/2018 - 22:05:34: "kek<1><STEAM_0:1:105068535><players>" say "rape"
L 18/09/2018 - 22:05:35: "kek<1><STEAM_0:1:105068535><players>" stats: frags="0.00" deaths="0" health="100" 
L 18/09/2018 - 22:05:39: "kek<1><STEAM_0:1:105068535><players>" say "sad2"
L 18/09/2018 - 22:05:47: "kek<1><STEAM_0:1:105068535><players>" say "number9"
L 18/09/2018 - 22:06:04: "kek<1><STEAM_0:1:105068535><players>" say "yes!"
L 18/09/2018 - 22:06:05: "kek<1><STEAM_0:1:105068535><players>" stats: frags="0.00" deaths="0" health="100" 
L 18/09/2018 - 22:06:21: "kek<1><STEAM_0:1:105068535><players>" say "zombie"
L 18/09/2018 - 22:06:35: "kek<1><STEAM_0:1:105068535><players>" stats: frags="0.00" deaths="0" health="100" 
L 18/09/2018 - 22:06:36: "kek<1><STEAM_0:1:105068535><players>" say "yesyes"
L 18/09/2018 - 22:06:47: "kek<1><STEAM_0:1:105068535><players>" say "yesgo"
L 18/09/2018 - 22:06:56: "kek<1><STEAM_0:1:105068535><players>" say "yes!"
L 18/09/2018 - 22:07:05: "kek<1><STEAM_0:1:105068535><players>" stats: frags="0.00" deaths="0" health="100" 
L 18/09/2018 - 22:07:05: "kek<1><STEAM_0:1:105068535><players>" say "yes"
L 18/09/2018 - 22:07:09: "kek<1><STEAM_0:1:105068535><players>" say "yep"
L 18/09/2018 - 22:07:11: "kek<1><STEAM_0:1:105068535><players>" say "yep"
L 18/09/2018 - 22:07:20: "kek<1><STEAM_0:1:105068535><players>" say "yeee"
L 18/09/2018 - 22:07:27: "kek<1><STEAM_0:1:105068535><players>" say "yee"
L 18/09/2018 - 22:07:32: "kek<1><STEAM_0:1:105068535><players>" say "yeaaa"
L 18/09/2018 - 22:07:35: "kek<1><STEAM_0:1:105068535><players>" stats: frags="0.00" deaths="0" health="100" 
L 18/09/2018 - 22:07:41: "kek<1><STEAM_0:1:105068535><players>" say "wtfyoudoing"
L 18/09/2018 - 22:07:50: "kek<1><STEAM_0:1:105068535><players>" say "wtfboom"
L 18/09/2018 - 22:07:58: "kek<1><STEAM_0:1:105068535><players>" say "wtf!"
L 18/09/2018 - 22:08:02: "kek<1><STEAM_0:1:105068535><players>" say "wtf"
L 18/09/2018 - 22:08:04: "kek<1><STEAM_0:1:105068535><players>" say "wtf"
L 18/09/2018 - 22:08:05: "kek<1><STEAM_0:1:105068535><players>" stats: frags="0.00" deaths="0" health="100" 
L 18/09/2018 - 22:08:10: "kek<1><STEAM_0:1:105068535><players>" say "wow!"
L 18/09/2018 - 22:08:18: "kek<1><STEAM_0:1:105068535><players>" say "wow"
L 18/09/2018 - 22:08:22: "kek<1><STEAM_0:1:105068535><players>" say "wombo"
L 18/09/2018 - 22:08:23: "kek<1><STEAM_0:1:105068535><players>" say "wombo"
L 18/09/2018 - 22:08:35: "kek<1><STEAM_0:1:105068535><players>" stats: frags="0.00" deaths="0" health="100" 
L 18/09/2018 - 22:08:36: "kek<1><STEAM_0:1:105068535><players>" say "wohoho"
L 18/09/2018 - 22:08:40: "kek<1><STEAM_0:1:105068535><players>" say "win2"
L 18/09/2018 - 22:08:41: "kek<1><STEAM_0:1:105068535><players>" say "win2"
L 18/09/2018 - 22:08:58: "kek<1><STEAM_0:1:105068535><players>" say "win1"
L 18/09/2018 - 22:09:05: "kek<1><STEAM_0:1:105068535><players>" stats: frags="0.00" deaths="0" health="100" 
L 18/09/2018 - 22:09:06: "kek<1><STEAM_0:1:105068535><players>" say "win"
L 18/09/2018 - 22:09:17: "kek<1><STEAM_0:1:105068535><players>" say "whathappen"
L 18/09/2018 - 22:09:26: "kek<1><STEAM_0:1:105068535><players>" say "wazzap"
L 18/09/2018 - 22:09:32: "kek<1><STEAM_0:1:105068535><players>" say "wassap"
L 18/09/2018 - 22:09:35: "kek<1><STEAM_0:1:105068535><players>" stats: frags="0.00" deaths="0" health="100" 
L 18/09/2018 - 22:09:35: "kek<1><STEAM_0:1:105068535><players>" say "wassup"
L 18/09/2018 - 22:09:48: "kek<1><STEAM_0:1:105068535><players>" say "wall"
L 18/09/2018 - 22:09:54: "kek<1><STEAM_0:1:105068535><players>" say "wait"
L 18/09/2018 - 22:09:58: "kek<1><STEAM_0:1:105068535><players>" say "vow"
L 18/09/2018 - 22:10:00: "kek<1><STEAM_0:1:105068535><players>" say "vow"
L 18/09/2018 - 22:10:05: "kek<1><STEAM_0:1:105068535><players>" stats: frags="0.00" deaths="0" health="100" 
L 18/09/2018 - 22:10:07: "kek<1><STEAM_0:1:105068535><players>" say "victory"
L 18/09/2018 - 22:10:14: "kek<1><STEAM_0:1:105068535><players>" say "urgay"
L 18/09/2018 - 22:10:23: "kek<1><STEAM_0:1:105068535><players>" say "up"
L 18/09/2018 - 22:10:29: "kek<1><STEAM_0:1:105068535><players>" say "unusual"
L 18/09/2018 - 22:10:35: "kek<1><STEAM_0:1:105068535><players>" stats: frags="0.00" deaths="0" health="100" 
L 18/09/2018 - 22:11:05: "kek<1><STEAM_0:1:105068535><players>" stats: frags="0.00" deaths="0" health="100" 
L 18/09/2018 - 22:11:30: "kek<1><STEAM_0:1:105068535><players>" say "ultra"
L 18/09/2018 - 22:11:35: "kek<1><STEAM_0:1:105068535><players>" stats: frags="0.00" deaths="0" health="100" 
L 18/09/2018 - 22:12:05: "kek<1><STEAM_0:1:105068535><players>" stats: frags="0.00" deaths="0" health="100" 
L 18/09/2018 - 22:12:30: "kek<1><STEAM_0:1:105068535><players>" say "snark"
L 18/09/2018 - 22:12:34: "kek<1><STEAM_0:1:105068535><players>" say "sob"
L 18/09/2018 - 22:12:35: "kek<1><STEAM_0:1:105068535><players>" stats: frags="0.00" deaths="0" health="100" 
L 18/09/2018 - 22:12:37: "kek<1><STEAM_0:1:105068535><players>" say "sob"
L 18/09/2018 - 22:12:43: "kek<1><STEAM_0:1:105068535><players>" say "sape"
L 18/09/2018 - 22:12:52: "kek<1><STEAM_0:1:105068535><players>" say "stahp"
L 18/09/2018 - 22:12:57: "kek<1><STEAM_0:1:105068535><players>" say "uguu"
L 18/09/2018 - 22:12:58: "kek<1><STEAM_0:1:105068535><players>" say "uguu"
L 18/09/2018 - 22:13:05: "kek<1><STEAM_0:1:105068535><players>" stats: frags="0.00" deaths="0" health="100" 
L 18/09/2018 - 22:13:06: "kek<1><STEAM_0:1:105068535><players>" say "triple"
L 18/09/2018 - 22:13:13: "kek<1><STEAM_0:1:105068535><players>" say "tooez"
L 18/09/2018 - 22:13:21: "kek<1><STEAM_0:1:105068535><players>" say "op4song"
L 18/09/2018 - 22:13:35: "kek<1><STEAM_0:1:105068535><players>" stats: frags="0.00" deaths="0" health="100" 
L 18/09/2018 - 22:13:52: "kek<1><STEAM_0:1:105068535><players>" disconnected
L 18/09/2018 - 22:13:52: DIFFICULTY: Client disconnected: Median next map HARDCOREL 18/09/2018 - 22:14:02: Log file closed
L 18/09/2018 - 22:14:02: Log file started (file "logs\2018-09-18.log") (game "svencoop") (version "48/5.0.1.0/7964")
L 18/09/2018 - 22:14:02: Loading map "stadium4"
L 18/09/2018 - 22:14:02: Server cvars start
L 18/09/2018 - 22:14:02: Server cvar "adminsfile" = "admins.txt"
L 18/09/2018 - 22:14:02: Server cvar "allow_spectators" = "1.0"
L 18/09/2018 - 22:14:02: Server cvar "coop" = "0"
L 18/09/2018 - 22:14:02: Server cvar "deathmatch" = "1"
L 18/09/2018 - 22:14:02: Server cvar "edgefriction" = "2"
L 18/09/2018 - 22:14:02: Server cvar "gamebuild" = "6142"
L 18/09/2018 - 22:14:02: Server cvar "gamename" = "Sven Co-op"
L 18/09/2018 - 22:14:02: Server cvar "gameversion" = "5.17"
L 18/09/2018 - 22:14:02: Server cvar "gameversionnum" = "5.17"
L 18/09/2018 - 22:14:02: Server cvar "mapvotecfgfile" = "mapvote.cfg"
L 18/09/2018 - 22:14:02: Server cvar "max_queries_sec" = "3.0"
L 18/09/2018 - 22:14:02: Server cvar "max_queries_sec_global" = "30"
L 18/09/2018 - 22:14:02: Server cvar "max_queries_window" = "60"
L 18/09/2018 - 22:14:02: Server cvar "mp_banana" = "1"
L 18/09/2018 - 22:14:02: Server cvar "mp_consistency" = "0"
L 18/09/2018 - 22:14:02: Server cvar "mp_footsteps" = "1"
L 18/09/2018 - 22:14:02: Server cvar "mp_logfile" = "1"
L 18/09/2018 - 22:14:02: Server cvar "mp_nextmap_cycle" = "campaign_vote1"
L 18/09/2018 - 22:14:02: Server cvar "mp_notimelimit" = "0.0"
L 18/09/2018 - 22:14:02: Server cvar "pausable" = "0"
L 18/09/2018 - 22:14:02: Server cvar "skillcfgfile" = "scripts/plugins/store/skill.cfg"
L 18/09/2018 - 22:14:02: Server cvar "sv_accelerate" = "10"
L 18/09/2018 - 22:14:02: Server cvar "sv_admin_icon" = "gfx/icons/admin.tga"
L 18/09/2018 - 22:14:02: Server cvar "sv_aim" = "0"
L 18/09/2018 - 22:14:02: Server cvar "sv_airaccelerate" = "10"
L 18/09/2018 - 22:14:02: Server cvar "sv_allowupload" = "1"
L 18/09/2018 - 22:14:02: Server cvar "sv_alltalk" = "0"
L 18/09/2018 - 22:14:02: Server cvar "sv_bounce" = "1"
L 18/09/2018 - 22:14:02: Server cvar "sv_cheats" = "2"
L 18/09/2018 - 22:14:02: Server cvar "sv_clienttrace" = "1"
L 18/09/2018 - 22:14:02: Server cvar "sv_contact" = ""
L 18/09/2018 - 22:14:02: Server cvar "sv_friction" = "4"
L 18/09/2018 - 22:14:02: Server cvar "sv_gravity" = "800"
L 18/09/2018 - 22:14:02: Server cvar "sv_logblocks" = "0"
L 18/09/2018 - 22:14:02: Server cvar "sv_maxrate" = "0"
L 18/09/2018 - 22:14:02: Server cvar "sv_maxspeed" = "270"
L 18/09/2018 - 22:14:02: Server cvar "sv_minrate" = "0"
L 18/09/2018 - 22:14:02: Server cvar "sv_password" = ""
L 18/09/2018 - 22:14:02: Server cvar "sv_proxies" = "1"
L 18/09/2018 - 22:14:02: Server cvar "sv_stepsize" = "18"
L 18/09/2018 - 22:14:02: Server cvar "sv_stopspeed" = "100"
L 18/09/2018 - 22:14:02: Server cvar "sv_uploadmax" = "0.5"
L 18/09/2018 - 22:14:02: Server cvar "sv_voiceenable" = "0"
L 18/09/2018 - 22:14:02: Server cvar "sv_wateraccelerate" = "10"
L 18/09/2018 - 22:14:02: Server cvar "sv_waterfriction" = "1"
L 18/09/2018 - 22:14:02: Server cvars end
L 18/09/2018 - 22:14:02: Log file closed
L 18/09/2018 - 22:14:02: Log file started (file "logs\2018-09-18.log") (game "svencoop") (version "48/5.0.1.0/7964")
L 18/09/2018 - 22:14:03: [AFB] Map init.
L 18/09/2018 - 22:14:03: Started map "stadium4" (CRC "-1537396155")
L 18/09/2018 - 22:14:22: Welcome to HVRDCORE HVLF-LIFE - PREPARE TO DIE!!!
L 18/09/2018 - 22:14:33: Server shutdown
L 18/09/2018 - 22:14:33: Log file closed
L 18/09/2018 - 22:34:40: Log file started (file "logs\2018-09-18.log") (game "svencoop") (version "48/5.0.1.0/7964")
L 18/09/2018 - 22:34:40: [AFB] AFBase 1.3.2 PUBLIC - Plugin init
L 18/09/2018 - 22:34:40: [AFB] Loading expansions.
L 18/09/2018 - 22:34:40: [AFB] Registering expansion: AdminFuckery Base (SID: AFB) by Zode
L 18/09/2018 - 22:34:40: [AFB] Registering expansion: AdminFuckery2 Player Commands (SID: AF2P) by Zode
L 18/09/2018 - 22:34:40: [AFB] Registering expansion: AdminFuckery2 Entity Commands (SID: AF2E) by Zode
L 18/09/2018 - 22:34:40: [AFB] Registering expansion: AdminFuckery2 Fun Commands (SID: AF2F) by Zode
L 18/09/2018 - 22:34:40: [AFB] Expansions loaded!
L 18/09/2018 - 22:34:40: Server cvar "mp_banana" = "1"
L 18/09/2018 - 22:34:40: Server cvar "sv_maxspeed" = "270"
L 18/09/2018 - 22:34:41: [AFB] Map init.
L 18/09/2018 - 22:34:42: Started map "stadium4" (CRC "-1537396155")
L 18/09/2018 - 22:34:42: Server cvar "sv_voiceenable" = "1"
L 18/09/2018 - 22:34:43: Server cvar "sv_voiceenable" = "0"
L 18/09/2018 - 22:34:43: Log file closed
L 18/09/2018 - 22:34:43: Log file started (file "logs\2018-09-18.log") (game "svencoop") (version "48/5.0.1.0/7964")
L 18/09/2018 - 22:35:01: "kek<1><STEAM_0:1:105068535><>" connected, address "47.132.2.210:27005"
L 18/09/2018 - 22:35:01: [AFB] User kek connected from 47.132.2.210:27005
L 18/09/2018 - 22:35:01: "kek<1><STEAM_0:1:105068535><>" STEAM USERID validated
L 18/09/2018 - 22:35:03: Welcome to HVRDCORE HVLF-LIFE - PREPARE TO DIE!!!
L 18/09/2018 - 22:35:03: "kek<2><STEAM_0:1:105068535><>" connected, address "47.132.2.210:27005"
L 18/09/2018 - 22:35:03: [AFB] User kek connected from 47.132.2.210:27005
L 18/09/2018 - 22:35:04: "kek<2><STEAM_0:1:105068535><>" STEAM USERID validated
L 18/09/2018 - 22:37:56: [AFB] Granted access (abcdefghijklmnopqrstuvwyxz) to STEAM_0:1:105068535
L 18/09/2018 - 22:37:56: "kek<2><STEAM_0:1:105068535><players>" has entered the game
L 18/09/2018 - 22:38:26: "kek<2><STEAM_0:1:105068535><players>" stats: frags="0.00" deaths="0" health="100" 
L 18/09/2018 - 22:38:56: "kek<2><STEAM_0:1:105068535><players>" stats: frags="0.00" deaths="0" health="100" 
L 18/09/2018 - 22:39:23: "kek<2><STEAM_0:1:105068535><players>" say "shutupcyka"
L 18/09/2018 - 22:39:26: "kek<2><STEAM_0:1:105068535><players>" stats: frags="0.00" deaths="0" health="100" 
L 18/09/2018 - 22:39:38: "kek<2><STEAM_0:1:105068535><players>" say "nani"
L 18/09/2018 - 22:39:48: "kek<2><STEAM_0:1:105068535><players>" say "niverga"
L 18/09/2018 - 22:39:56: "kek<2><STEAM_0:1:105068535><players>" say "pills"
L 18/09/2018 - 22:39:56: "kek<2><STEAM_0:1:105068535><players>" stats: frags="0.00" deaths="0" health="100" 
L 18/09/2018 - 22:40:02: "kek<2><STEAM_0:1:105068535><players>" say "pingas"
L 18/09/2018 - 22:40:06: "kek<2><STEAM_0:1:105068535><players>" say "punch"
L 18/09/2018 - 22:40:08: "kek<2><STEAM_0:1:105068535><players>" say "punch"
L 18/09/2018 - 22:40:16: "kek<2><STEAM_0:1:105068535><players>" say "profanity"
L 18/09/2018 - 22:40:21: "kek<2><STEAM_0:1:105068535><players>" say "rape"
L 18/09/2018 - 22:40:26: "kek<2><STEAM_0:1:105068535><players>" stats: frags="0.00" deaths="0" health="100" 
L 18/09/2018 - 22:40:26: "kek<2><STEAM_0:1:105068535><players>" say "spin"
L 18/09/2018 - 22:40:41: "kek<2><STEAM_0:1:105068535><players>" say "toasty"
L 18/09/2018 - 22:40:52: "kek<2><STEAM_0:1:105068535><players>" say "sueltame"
L 18/09/2018 - 22:40:56: "kek<2><STEAM_0:1:105068535><players>" stats: frags="0.00" deaths="0" health="100" 
L 18/09/2018 - 22:40:59: "kek<2><STEAM_0:1:105068535><players>" say "stfu"
L 18/09/2018 - 22:41:05: "kek<2><STEAM_0:1:105068535><players>" say "thriller"
L 18/09/2018 - 22:41:17: "kek<2><STEAM_0:1:105068535><players>" say "shutdown"
L 18/09/2018 - 22:41:25: "kek<2><STEAM_0:1:105068535><players>" say "smoke"
L 18/09/2018 - 22:41:26: "kek<2><STEAM_0:1:105068535><players>" stats: frags="0.00" deaths="0" health="100" 
L 18/09/2018 - 22:41:29: "kek<2><STEAM_0:1:105068535><players>" say "sick"
L 18/09/2018 - 22:41:30: "kek<2><STEAM_0:1:105068535><players>" say "sick"
L 18/09/2018 - 22:41:36: "kek<2><STEAM_0:1:105068535><players>" say "ohno!"
L 18/09/2018 - 22:41:42: "kek<2><STEAM_0:1:105068535><players>" say "notshuttingdown"
L 18/09/2018 - 22:41:51: "kek<2><STEAM_0:1:105068535><players>" say "porno"
L 18/09/2018 - 22:41:56: "kek<2><STEAM_0:1:105068535><players>" stats: frags="0.00" deaths="0" health="100" 
L 18/09/2018 - 22:42:04: "kek<2><STEAM_0:1:105068535><players>" say "niconico"
L 18/09/2018 - 22:42:14: "kek<2><STEAM_0:1:105068535><players>" say "nuts"
L 18/09/2018 - 22:42:26: "kek<2><STEAM_0:1:105068535><players>" stats: frags="0.00" deaths="0" health="100" 
L 18/09/2018 - 22:42:28: "kek<2><STEAM_0:1:105068535><players>" say "konichiwa"
L 18/09/2018 - 22:42:36: "kek<2><STEAM_0:1:105068535><players>" say "lift"
L 18/09/2018 - 22:42:56: "kek<2><STEAM_0:1:105068535><players>" stats: frags="0.00" deaths="0" health="100" 
L 18/09/2018 - 22:43:22: "kek<2><STEAM_0:1:105068535><players>" say "brababa"
L 18/09/2018 - 22:43:26: "kek<2><STEAM_0:1:105068535><players>" stats: frags="0.00" deaths="0" health="100" 
L 18/09/2018 - 22:43:27: "kek<2><STEAM_0:1:105068535><players>" say "clear"
L 18/09/2018 - 22:43:28: "kek<2><STEAM_0:1:105068535><players>" say "clear"
L 18/09/2018 - 22:43:33: "kek<2><STEAM_0:1:105068535><players>" say "combobreaker"
L 18/09/2018 - 22:43:36: "kek<2><STEAM_0:1:105068535><players>" say "combobreaker"
L 18/09/2018 - 22:43:43: "kek<2><STEAM_0:1:105068535><players>" say "fucku"
L 18/09/2018 - 22:43:49: "kek<2><STEAM_0:1:105068535><players>" say "gaben"
L 18/09/2018 - 22:43:56: "kek<2><STEAM_0:1:105068535><players>" stats: frags="0.00" deaths="0" health="100" 
L 18/09/2018 - 22:43:57: "kek<2><STEAM_0:1:105068535><players>" say "damnson"
L 18/09/2018 - 22:44:05: "kek<2><STEAM_0:1:105068535><players>" say "candy"
L 18/09/2018 - 22:44:11: "kek<2><STEAM_0:1:105068535><players>" say "good"
L 18/09/2018 - 22:44:19: "kek<2><STEAM_0:1:105068535><players>" say "fuckedup"
L 18/09/2018 - 22:44:26: "kek<2><STEAM_0:1:105068535><players>" stats: frags="0.00" deaths="0" health="100" 
L 18/09/2018 - 22:44:30: "kek<2><STEAM_0:1:105068535><players>" say "fml"
L 18/09/2018 - 22:44:37: "kek<2><STEAM_0:1:105068535><players>" say "gmi2"
L 18/09/2018 - 22:44:56: "kek<2><STEAM_0:1:105068535><players>" stats: frags="0.00" deaths="0" health="100" 
L 18/09/2018 - 22:45:03: "kek<2><STEAM_0:1:105068535><players>" say "gta"
L 18/09/2018 - 22:45:12: "kek<2><STEAM_0:1:105068535><players>" say "curb"
L 18/09/2018 - 22:45:26: "kek<2><STEAM_0:1:105068535><players>" stats: frags="0.00" deaths="0" health="100" 
L 18/09/2018 - 22:45:27: "kek<2><STEAM_0:1:105068535><players>" say "d2"
L 18/09/2018 - 22:45:39: "kek<2><STEAM_0:1:105068535><players>" say "beach"
L 18/09/2018 - 22:45:51: "kek<2><STEAM_0:1:105068535><players>" say "extrathicc"
L 18/09/2018 - 22:45:56: "kek<2><STEAM_0:1:105068535><players>" stats: frags="0.00" deaths="0" health="100" 
L 18/09/2018 - 22:45:57: "kek<2><STEAM_0:1:105068535><players>" say "disney"
L 18/09/2018 - 22:46:10: "kek<2><STEAM_0:1:105068535><players>" say "prestige"
L 18/09/2018 - 22:46:18: "kek<2><STEAM_0:1:105068535><players>" say "predator"
L 18/09/2018 - 22:46:25: "kek<2><STEAM_0:1:105068535><players>" say "omaewa"
L 18/09/2018 - 22:46:26: "kek<2><STEAM_0:1:105068535><players>" stats: frags="0.00" deaths="0" health="100" 
L 18/09/2018 - 22:46:37: "kek<2><STEAM_0:1:105068535><players>" say "needweapon"
L 18/09/2018 - 22:46:45: "kek<2><STEAM_0:1:105068535><players>" disconnected
L 18/09/2018 - 22:46:45: DIFFICULTY: Client disconnected: Median next map HARDCOREL 18/09/2018 - 22:46:55: Log file closed
L 18/09/2018 - 22:46:55: Log file started (file "logs\2018-09-18.log") (game "svencoop") (version "48/5.0.1.0/7964")
L 18/09/2018 - 22:46:55: Loading map "stadium4"
L 18/09/2018 - 22:46:55: Server cvars start
L 18/09/2018 - 22:46:55: Server cvar "adminsfile" = "admins.txt"
L 18/09/2018 - 22:46:55: Server cvar "allow_spectators" = "1.0"
L 18/09/2018 - 22:46:55: Server cvar "coop" = "0"
L 18/09/2018 - 22:46:55: Server cvar "deathmatch" = "1"
L 18/09/2018 - 22:46:55: Server cvar "edgefriction" = "2"
L 18/09/2018 - 22:46:55: Server cvar "gamebuild" = "6142"
L 18/09/2018 - 22:46:55: Server cvar "gamename" = "Sven Co-op"
L 18/09/2018 - 22:46:55: Server cvar "gameversion" = "5.17"
L 18/09/2018 - 22:46:55: Server cvar "gameversionnum" = "5.17"
L 18/09/2018 - 22:46:55: Server cvar "mapvotecfgfile" = "mapvote.cfg"
L 18/09/2018 - 22:46:55: Server cvar "max_queries_sec" = "3.0"
L 18/09/2018 - 22:46:55: Server cvar "max_queries_sec_global" = "30"
L 18/09/2018 - 22:46:55: Server cvar "max_queries_window" = "60"
L 18/09/2018 - 22:46:55: Server cvar "mp_banana" = "1"
L 18/09/2018 - 22:46:55: Server cvar "mp_consistency" = "0"
L 18/09/2018 - 22:46:55: Server cvar "mp_footsteps" = "1"
L 18/09/2018 - 22:46:55: Server cvar "mp_logfile" = "1"
L 18/09/2018 - 22:46:55: Server cvar "mp_nextmap_cycle" = "campaign_vote1"
L 18/09/2018 - 22:46:55: Server cvar "mp_notimelimit" = "0.0"
L 18/09/2018 - 22:46:55: Server cvar "pausable" = "0"
L 18/09/2018 - 22:46:55: Server cvar "skillcfgfile" = "skill.cfg"
L 18/09/2018 - 22:46:55: Server cvar "sv_accelerate" = "10"
L 18/09/2018 - 22:46:55: Server cvar "sv_admin_icon" = "gfx/icons/admin.tga"
L 18/09/2018 - 22:46:55: Server cvar "sv_aim" = "0"
L 18/09/2018 - 22:46:55: Server cvar "sv_airaccelerate" = "10"
L 18/09/2018 - 22:46:55: Server cvar "sv_allowupload" = "1"
L 18/09/2018 - 22:46:55: Server cvar "sv_alltalk" = "0"
L 18/09/2018 - 22:46:55: Server cvar "sv_bounce" = "1"
L 18/09/2018 - 22:46:55: Server cvar "sv_cheats" = "2"
L 18/09/2018 - 22:46:55: Server cvar "sv_clienttrace" = "1"
L 18/09/2018 - 22:46:55: Server cvar "sv_contact" = ""
L 18/09/2018 - 22:46:55: Server cvar "sv_friction" = "4"
L 18/09/2018 - 22:46:55: Server cvar "sv_gravity" = "800"
L 18/09/2018 - 22:46:55: Server cvar "sv_logblocks" = "0"
L 18/09/2018 - 22:46:55: Server cvar "sv_maxrate" = "0"
L 18/09/2018 - 22:46:55: Server cvar "sv_maxspeed" = "270"
L 18/09/2018 - 22:46:55: Server cvar "sv_minrate" = "0"
L 18/09/2018 - 22:46:55: Server cvar "sv_password" = ""
L 18/09/2018 - 22:46:55: Server cvar "sv_proxies" = "1"
L 18/09/2018 - 22:46:55: Server cvar "sv_stepsize" = "18"
L 18/09/2018 - 22:46:55: Server cvar "sv_stopspeed" = "100"
L 18/09/2018 - 22:46:55: Server cvar "sv_uploadmax" = "0.5"
L 18/09/2018 - 22:46:55: Server cvar "sv_voiceenable" = "0"
L 18/09/2018 - 22:46:55: Server cvar "sv_wateraccelerate" = "10"
L 18/09/2018 - 22:46:55: Server cvar "sv_waterfriction" = "1"
L 18/09/2018 - 22:46:55: Server cvars end
L 18/09/2018 - 22:46:55: Log file closed
L 18/09/2018 - 22:46:55: Log file started (file "logs\2018-09-18.log") (game "svencoop") (version "48/5.0.1.0/7964")
L 18/09/2018 - 22:46:56: [AFB] Map init.
L 18/09/2018 - 22:46:57: Started map "stadium4" (CRC "-1537396155")
L 18/09/2018 - 22:47:16: Welcome to HVRDCORE HVLF-LIFE - PREPARE TO DIE!!!
L 18/09/2018 - 22:51:14: Server shutdown
L 18/09/2018 - 22:51:14: Log file closed
L 18/09/2018 - 22:55:33: Log file started (file "logs\2018-09-18.log") (game "svencoop") (version "48/5.0.1.0/7964")
L 18/09/2018 - 22:55:33: [AFB] AFBase 1.3.2 PUBLIC - Plugin init
L 18/09/2018 - 22:55:33: [AFB] Loading expansions.
L 18/09/2018 - 22:55:33: [AFB] Registering expansion: AdminFuckery Base (SID: AFB) by Zode
L 18/09/2018 - 22:55:33: [AFB] Registering expansion: AdminFuckery2 Player Commands (SID: AF2P) by Zode
L 18/09/2018 - 22:55:33: [AFB] Registering expansion: AdminFuckery2 Entity Commands (SID: AF2E) by Zode
L 18/09/2018 - 22:55:33: [AFB] Registering expansion: AdminFuckery2 Fun Commands (SID: AF2F) by Zode
L 18/09/2018 - 22:55:33: [AFB] Expansions loaded!
L 18/09/2018 - 22:55:34: Server cvar "mp_banana" = "1"
L 18/09/2018 - 22:55:34: Server cvar "sv_maxspeed" = "270"
L 18/09/2018 - 22:55:34: [AFB] Map init.
L 18/09/2018 - 22:55:34: Started map "eshq01" (CRC "-847317178")
L 18/09/2018 - 22:55:34: Server cvar "sv_voiceenable" = "1"
L 18/09/2018 - 22:55:35: Server cvar "sv_voiceenable" = "0"
L 18/09/2018 - 22:55:35: Log file closed
L 18/09/2018 - 22:55:35: Log file started (file "logs\2018-09-18.log") (game "svencoop") (version "48/5.0.1.0/7964")
L 18/09/2018 - 22:55:47: "kek<1><STEAM_0:1:105068535><>" connected, address "47.132.2.210:27005"
L 18/09/2018 - 22:55:47: [AFB] User kek connected from 47.132.2.210:27005
L 18/09/2018 - 22:55:48: "kek<1><STEAM_0:1:105068535><>" STEAM USERID validated
L 18/09/2018 - 22:55:49: "kek<2><STEAM_0:1:105068535><>" connected, address "47.132.2.210:27005"
L 18/09/2018 - 22:55:49: [AFB] User kek connected from 47.132.2.210:27005
L 18/09/2018 - 22:55:50: "kek<2><STEAM_0:1:105068535><>" STEAM USERID validated
L 18/09/2018 - 22:55:55: Welcome to HVRDCORE HVLF-LIFE - PREPARE TO DIE!!!
L 18/09/2018 - 22:56:53: "Daniel<3><STEAM_0:0:94430569><>" connected, address "190.236.204.125:45283"
L 18/09/2018 - 22:56:54: [AFB] User Daniel connected from 190.236.204.125:45283
L 18/09/2018 - 22:56:54: "Daniel<3><STEAM_0:0:94430569><>" STEAM USERID validated
L 18/09/2018 - 22:56:59: [AFB] Granted access (abcdefghijklmnopqrstuvwyxz) to STEAM_0:1:105068535
L 18/09/2018 - 22:56:59: "kek<2><STEAM_0:1:105068535><players>" has entered the game
L 18/09/2018 - 22:57:14: "Daniel<4><STEAM_0:0:94430569><>" connected, address "190.236.204.125:45283"
L 18/09/2018 - 22:57:15: [AFB] User Daniel connected from 190.236.204.125:45283
L 18/09/2018 - 22:57:15: "Daniel<4><STEAM_0:0:94430569><>" STEAM USERID validated
L 18/09/2018 - 22:57:58: "kek<2><STEAM_0:1:105068535><players>" disconnected
L 18/09/2018 - 22:57:58: DIFFICULTY: Client disconnected: Median next map HARDCOREL 18/09/2018 - 22:58:07: Log file closed
L 18/09/2018 - 22:58:07: Log file started (file "logs\2018-09-18.log") (game "svencoop") (version "48/5.0.1.0/7964")
L 18/09/2018 - 22:58:07: Loading map "eshq01"
L 18/09/2018 - 22:58:07: Server cvars start
L 18/09/2018 - 22:58:07: Server cvar "adminsfile" = "admins.txt"
L 18/09/2018 - 22:58:07: Server cvar "allow_spectators" = "1.0"
L 18/09/2018 - 22:58:07: Server cvar "coop" = "0"
L 18/09/2018 - 22:58:07: Server cvar "deathmatch" = "1"
L 18/09/2018 - 22:58:07: Server cvar "edgefriction" = "2"
L 18/09/2018 - 22:58:07: Server cvar "gamebuild" = "6142"
L 18/09/2018 - 22:58:07: Server cvar "gamename" = "Sven Co-op"
L 18/09/2018 - 22:58:07: Server cvar "gameversion" = "5.17"
L 18/09/2018 - 22:58:07: Server cvar "gameversionnum" = "5.17"
L 18/09/2018 - 22:58:07: Server cvar "mapvotecfgfile" = "mapvote.cfg"
L 18/09/2018 - 22:58:07: Server cvar "max_queries_sec" = "3.0"
L 18/09/2018 - 22:58:07: Server cvar "max_queries_sec_global" = "30"
L 18/09/2018 - 22:58:07: Server cvar "max_queries_window" = "60"
L 18/09/2018 - 22:58:07: Server cvar "mp_banana" = "1"
L 18/09/2018 - 22:58:07: Server cvar "mp_consistency" = "0"
L 18/09/2018 - 22:58:07: Server cvar "mp_footsteps" = "1"
L 18/09/2018 - 22:58:07: Server cvar "mp_logfile" = "1"
L 18/09/2018 - 22:58:07: Server cvar "mp_nextmap_cycle" = "campaign_vote1"
L 18/09/2018 - 22:58:07: Server cvar "mp_notimelimit" = "0.0"
L 18/09/2018 - 22:58:07: Server cvar "pausable" = "0"
L 18/09/2018 - 22:58:07: Server cvar "skillcfgfile" = "skill.cfg"
L 18/09/2018 - 22:58:07: Server cvar "sv_accelerate" = "10"
L 18/09/2018 - 22:58:07: Server cvar "sv_admin_icon" = "gfx/icons/admin.tga"
L 18/09/2018 - 22:58:07: Server cvar "sv_aim" = "0"
L 18/09/2018 - 22:58:07: Server cvar "sv_airaccelerate" = "10"
L 18/09/2018 - 22:58:07: Server cvar "sv_allowupload" = "1"
L 18/09/2018 - 22:58:07: Server cvar "sv_alltalk" = "0"
L 18/09/2018 - 22:58:07: Server cvar "sv_bounce" = "1"
L 18/09/2018 - 22:58:07: Server cvar "sv_cheats" = "2"
L 18/09/2018 - 22:58:07: Server cvar "sv_clienttrace" = "1"
L 18/09/2018 - 22:58:07: Server cvar "sv_contact" = ""
L 18/09/2018 - 22:58:07: Server cvar "sv_friction" = "4"
L 18/09/2018 - 22:58:07: Server cvar "sv_gravity" = "800"
L 18/09/2018 - 22:58:07: Server cvar "sv_logblocks" = "0"
L 18/09/2018 - 22:58:07: Server cvar "sv_maxrate" = "0"
L 18/09/2018 - 22:58:07: Server cvar "sv_maxspeed" = "270"
L 18/09/2018 - 22:58:07: Server cvar "sv_minrate" = "0"
L 18/09/2018 - 22:58:07: Server cvar "sv_password" = ""
L 18/09/2018 - 22:58:07: Server cvar "sv_proxies" = "1"
L 18/09/2018 - 22:58:07: Server cvar "sv_stepsize" = "18"
L 18/09/2018 - 22:58:07: Server cvar "sv_stopspeed" = "100"
L 18/09/2018 - 22:58:07: Server cvar "sv_uploadmax" = "0.5"
L 18/09/2018 - 22:58:07: Server cvar "sv_voiceenable" = "0"
L 18/09/2018 - 22:58:07: Server cvar "sv_wateraccelerate" = "10"
L 18/09/2018 - 22:58:07: Server cvar "sv_waterfriction" = "1"
L 18/09/2018 - 22:58:07: Server cvars end
L 18/09/2018 - 22:58:07: Log file closed
L 18/09/2018 - 22:58:07: Log file started (file "logs\2018-09-18.log") (game "svencoop") (version "48/5.0.1.0/7964")
L 18/09/2018 - 22:58:07: [AFB] Map init.
L 18/09/2018 - 22:58:08: Started map "eshq01" (CRC "-847317178")
L 18/09/2018 - 22:58:27: Welcome to HVRDCORE HVLF-LIFE - PREPARE TO DIE!!!
L 18/09/2018 - 22:58:58: Server shutdown
L 18/09/2018 - 22:58:58: Log file closed
L 18/09/2018 - 23:29:20: Log file started (file "logs\2018-09-18.log") (game "svencoop") (version "48/5.0.1.0/7964")
L 18/09/2018 - 23:29:20: [AFB] AFBase 1.3.2 PUBLIC - Plugin init
L 18/09/2018 - 23:29:20: [AFB] Loading expansions.
L 18/09/2018 - 23:29:20: [AFB] Registering expansion: AdminFuckery Base (SID: AFB) by Zode
L 18/09/2018 - 23:29:20: [AFB] Registering expansion: AdminFuckery2 Player Commands (SID: AF2P) by Zode
L 18/09/2018 - 23:29:20: [AFB] Registering expansion: AdminFuckery2 Entity Commands (SID: AF2E) by Zode
L 18/09/2018 - 23:29:20: [AFB] Registering expansion: AdminFuckery2 Fun Commands (SID: AF2F) by Zode
L 18/09/2018 - 23:29:20: [AFB] Expansions loaded!
L 18/09/2018 - 23:29:20: Server cvar "mp_banana" = "1"
L 18/09/2018 - 23:29:20: Server cvar "sv_maxspeed" = "270"
L 18/09/2018 - 23:29:20: [AFB] Map init.
L 18/09/2018 - 23:29:21: Started map "eshq01" (CRC "-847317178")
L 18/09/2018 - 23:29:21: Server cvar "sv_voiceenable" = "1"
L 18/09/2018 - 23:29:22: Server cvar "sv_voiceenable" = "0"
L 18/09/2018 - 23:29:22: Log file closed
L 18/09/2018 - 23:29:22: Log file started (file "logs\2018-09-18.log") (game "svencoop") (version "48/5.0.1.0/7964")
L 18/09/2018 - 23:29:33: "kek<1><STEAM_0:1:105068535><>" connected, address "47.132.2.210:27005"
L 18/09/2018 - 23:29:33: [AFB] User kek connected from 47.132.2.210:27005
L 18/09/2018 - 23:29:34: "kek<1><STEAM_0:1:105068535><>" STEAM USERID validated
L 18/09/2018 - 23:29:35: "kek<2><STEAM_0:1:105068535><>" connected, address "47.132.2.210:27005"
L 18/09/2018 - 23:29:35: [AFB] User kek connected from 47.132.2.210:27005
L 18/09/2018 - 23:29:35: "kek<2><STEAM_0:1:105068535><>" STEAM USERID validated
L 18/09/2018 - 23:29:47: [AFB] Granted access (abcdefghijklmnopqrstuvwyxz) to STEAM_0:1:105068535
L 18/09/2018 - 23:29:47: "kek<2><STEAM_0:1:105068535><players>" has entered the game
L 18/09/2018 - 23:30:06: "kek<2><STEAM_0:1:105068535><players>" disconnected
L 18/09/2018 - 23:30:37: Log file closed
L 18/09/2018 - 23:30:37: Log file started (file "logs\2018-09-18.log") (game "svencoop") (version "48/5.0.1.0/7964")
L 18/09/2018 - 23:30:37: Loading map "eshq01"
L 18/09/2018 - 23:30:37: Server cvars start
L 18/09/2018 - 23:30:37: Server cvar "adminsfile" = "admins.txt"
L 18/09/2018 - 23:30:37: Server cvar "allow_spectators" = "1.0"
L 18/09/2018 - 23:30:37: Server cvar "coop" = "0"
L 18/09/2018 - 23:30:37: Server cvar "deathmatch" = "1"
L 18/09/2018 - 23:30:37: Server cvar "edgefriction" = "2"
L 18/09/2018 - 23:30:37: Server cvar "gamebuild" = "6142"
L 18/09/2018 - 23:30:37: Server cvar "gamename" = "Sven Co-op"
L 18/09/2018 - 23:30:37: Server cvar "gameversion" = "5.17"
L 18/09/2018 - 23:30:37: Server cvar "gameversionnum" = "5.17"
L 18/09/2018 - 23:30:37: Server cvar "mapvotecfgfile" = "mapvote.cfg"
L 18/09/2018 - 23:30:37: Server cvar "max_queries_sec" = "3.0"
L 18/09/2018 - 23:30:37: Server cvar "max_queries_sec_global" = "30"
L 18/09/2018 - 23:30:37: Server cvar "max_queries_window" = "60"
L 18/09/2018 - 23:30:37: Server cvar "mp_banana" = "1"
L 18/09/2018 - 23:30:37: Server cvar "mp_consistency" = "0"
L 18/09/2018 - 23:30:37: Server cvar "mp_footsteps" = "1"
L 18/09/2018 - 23:30:37: Server cvar "mp_logfile" = "1"
L 18/09/2018 - 23:30:37: Server cvar "mp_nextmap_cycle" = "campaign_vote1"
L 18/09/2018 - 23:30:37: Server cvar "mp_notimelimit" = "0.0"
L 18/09/2018 - 23:30:37: Server cvar "pausable" = "0"
L 18/09/2018 - 23:30:37: Server cvar "skillcfgfile" = "skill.cfg"
L 18/09/2018 - 23:30:37: Server cvar "sv_accelerate" = "10"
L 18/09/2018 - 23:30:37: Server cvar "sv_admin_icon" = "gfx/icons/admin.tga"
L 18/09/2018 - 23:30:37: Server cvar "sv_aim" = "0"
L 18/09/2018 - 23:30:37: Server cvar "sv_airaccelerate" = "10"
L 18/09/2018 - 23:30:37: Server cvar "sv_allowupload" = "1"
L 18/09/2018 - 23:30:37: Server cvar "sv_alltalk" = "0"
L 18/09/2018 - 23:30:37: Server cvar "sv_bounce" = "1"
L 18/09/2018 - 23:30:37: Server cvar "sv_cheats" = "2"
L 18/09/2018 - 23:30:37: Server cvar "sv_clienttrace" = "1"
L 18/09/2018 - 23:30:37: Server cvar "sv_contact" = ""
L 18/09/2018 - 23:30:37: Server cvar "sv_friction" = "4"
L 18/09/2018 - 23:30:37: Server cvar "sv_gravity" = "800"
L 18/09/2018 - 23:30:37: Server cvar "sv_logblocks" = "0"
L 18/09/2018 - 23:30:37: Server cvar "sv_maxrate" = "0"
L 18/09/2018 - 23:30:37: Server cvar "sv_maxspeed" = "270"
L 18/09/2018 - 23:30:37: Server cvar "sv_minrate" = "0"
L 18/09/2018 - 23:30:37: Server cvar "sv_password" = ""
L 18/09/2018 - 23:30:37: Server cvar "sv_proxies" = "1"
L 18/09/2018 - 23:30:37: Server cvar "sv_stepsize" = "18"
L 18/09/2018 - 23:30:37: Server cvar "sv_stopspeed" = "100"
L 18/09/2018 - 23:30:37: Server cvar "sv_uploadmax" = "0.5"
L 18/09/2018 - 23:30:37: Server cvar "sv_voiceenable" = "0"
L 18/09/2018 - 23:30:37: Server cvar "sv_wateraccelerate" = "10"
L 18/09/2018 - 23:30:37: Server cvar "sv_waterfriction" = "1"
L 18/09/2018 - 23:30:37: Server cvars end
L 18/09/2018 - 23:30:37: Log file closed
L 18/09/2018 - 23:30:37: Log file started (file "logs\2018-09-18.log") (game "svencoop") (version "48/5.0.1.0/7964")
L 18/09/2018 - 23:30:37: [AFB] Map init.
L 18/09/2018 - 23:30:37: Started map "eshq01" (CRC "-847317178")
L 18/09/2018 - 23:32:20: Server shutdown
L 18/09/2018 - 23:32:20: Log file closed
L 18/09/2018 - 23:32:32: Log file started (file "logs\2018-09-18.log") (game "svencoop") (version "48/5.0.1.0/7964")
L 18/09/2018 - 23:32:32: [AFB] AFBase 1.3.2 PUBLIC - Plugin init
L 18/09/2018 - 23:32:32: [AFB] Loading expansions.
L 18/09/2018 - 23:32:32: [AFB] Registering expansion: AdminFuckery Base (SID: AFB) by Zode
L 18/09/2018 - 23:32:32: [AFB] Registering expansion: AdminFuckery2 Player Commands (SID: AF2P) by Zode
L 18/09/2018 - 23:32:32: [AFB] Registering expansion: AdminFuckery2 Entity Commands (SID: AF2E) by Zode
L 18/09/2018 - 23:32:32: [AFB] Registering expansion: AdminFuckery2 Fun Commands (SID: AF2F) by Zode
L 18/09/2018 - 23:32:32: [AFB] Expansions loaded!
L 18/09/2018 - 23:32:32: [AFB] Map init.
L 18/09/2018 - 23:32:33: Started map "eshq01" (CRC "-847317178")
L 18/09/2018 - 23:32:33: Server cvar "sv_voiceenable" = "1"
L 18/09/2018 - 23:32:33: Server cvar "sv_voiceenable" = "0"
L 18/09/2018 - 23:32:33: Log file closed
L 18/09/2018 - 23:32:33: Log file started (file "logs\2018-09-18.log") (game "svencoop") (version "48/5.0.1.0/7964")
L 18/09/2018 - 23:36:53: Server shutdown
L 18/09/2018 - 23:36:53: Log file closed
L 18/09/2018 - 23:36:58: Log file started (file "logs\2018-09-18.log") (game "svencoop") (version "48/5.0.1.0/7964")
L 18/09/2018 - 23:36:58: [AFB] AFBase 1.3.2 PUBLIC - Plugin init
L 18/09/2018 - 23:36:58: [AFB] Loading expansions.
L 18/09/2018 - 23:36:58: [AFB] Registering expansion: AdminFuckery Base (SID: AFB) by Zode
L 18/09/2018 - 23:36:58: [AFB] Registering expansion: AdminFuckery2 Player Commands (SID: AF2P) by Zode
L 18/09/2018 - 23:36:58: [AFB] Registering expansion: AdminFuckery2 Entity Commands (SID: AF2E) by Zode
L 18/09/2018 - 23:36:58: [AFB] Registering expansion: AdminFuckery2 Fun Commands (SID: AF2F) by Zode
L 18/09/2018 - 23:36:58: [AFB] Expansions loaded!
L 18/09/2018 - 23:36:58: [AFB] Map init.
L 18/09/2018 - 23:37:00: Started map "eshq03" (CRC "-2025625263")
L 18/09/2018 - 23:37:00: Server cvar "sv_voiceenable" = "1"
L 18/09/2018 - 23:37:00: Server cvar "sv_voiceenable" = "0"
L 18/09/2018 - 23:37:00: Log file closed
L 18/09/2018 - 23:37:00: Log file started (file "logs\2018-09-18.log") (game "svencoop") (version "48/5.0.1.0/7964")
L 18/09/2018 - 23:37:15: "kek<1><STEAM_0:1:105068535><>" connected, address "47.132.2.210:27005"
L 18/09/2018 - 23:37:15: [AFB] User kek connected from 47.132.2.210:27005
L 18/09/2018 - 23:37:15: "kek<1><STEAM_0:1:105068535><>" STEAM USERID validated
L 18/09/2018 - 23:37:16: "kek<2><STEAM_0:1:105068535><>" connected, address "47.132.2.210:27005"
L 18/09/2018 - 23:37:16: [AFB] User kek connected from 47.132.2.210:27005
L 18/09/2018 - 23:37:17: "kek<2><STEAM_0:1:105068535><>" STEAM USERID validated
L 18/09/2018 - 23:39:04: Server shutdown
L 18/09/2018 - 23:39:04: Log file closed
L 18/09/2018 - 23:39:45: Log file started (file "logs\2018-09-18.log") (game "svencoop") (version "48/5.0.1.0/7964")
L 18/09/2018 - 23:39:46: [AFB] AFBase 1.3.2 PUBLIC - Plugin init
L 18/09/2018 - 23:39:46: [AFB] Loading expansions.
L 18/09/2018 - 23:39:46: [AFB] Registering expansion: AdminFuckery Base (SID: AFB) by Zode
L 18/09/2018 - 23:39:46: [AFB] Registering expansion: AdminFuckery2 Player Commands (SID: AF2P) by Zode
L 18/09/2018 - 23:39:46: [AFB] Registering expansion: AdminFuckery2 Entity Commands (SID: AF2E) by Zode
L 18/09/2018 - 23:39:46: [AFB] Registering expansion: AdminFuckery2 Fun Commands (SID: AF2F) by Zode
L 18/09/2018 - 23:39:46: [AFB] Expansions loaded!
L 18/09/2018 - 23:39:46: [AFB] Map init.
L 18/09/2018 - 23:39:46: Started map "eshq03" (CRC "-2025625263")
L 18/09/2018 - 23:39:46: Server cvar "sv_voiceenable" = "1"
L 18/09/2018 - 23:39:47: Server cvar "sv_voiceenable" = "0"
L 18/09/2018 - 23:39:47: Log file closed
L 18/09/2018 - 23:39:47: Log file started (file "logs\2018-09-18.log") (game "svencoop") (version "48/5.0.1.0/7964")
L 18/09/2018 - 23:39:52: "kek<1><STEAM_0:1:105068535><>" connected, address "47.132.2.210:27005"
L 18/09/2018 - 23:39:52: [AFB] User kek connected from 47.132.2.210:27005
L 18/09/2018 - 23:39:52: "kek<1><STEAM_0:1:105068535><>" STEAM USERID validated
L 18/09/2018 - 23:39:54: "kek<2><STEAM_0:1:105068535><>" connected, address "47.132.2.210:27005"
L 18/09/2018 - 23:39:54: [AFB] User kek connected from 47.132.2.210:27005
L 18/09/2018 - 23:39:54: "kek<2><STEAM_0:1:105068535><>" STEAM USERID validated
L 18/09/2018 - 23:40:16: [AFB] Granted access (abcdefghijklmnopqrstuvwyxz) to STEAM_0:1:105068535
L 18/09/2018 - 23:40:16: "kek<2><STEAM_0:1:105068535><players>" has entered the game
L 18/09/2018 - 23:40:24: "kek<2><STEAM_0:1:105068535><players>" disconnected
L 18/09/2018 - 23:43:52: Server shutdown
L 18/09/2018 - 23:43:52: Log file closed
L 18/09/2018 - 23:43:58: Log file started (file "logs\2018-09-18.log") (game "svencoop") (version "48/5.0.1.0/7964")
L 18/09/2018 - 23:43:58: [AFB] AFBase 1.3.2 PUBLIC - Plugin init
L 18/09/2018 - 23:43:58: [AFB] Loading expansions.
L 18/09/2018 - 23:43:58: [AFB] Registering expansion: AdminFuckery Base (SID: AFB) by Zode
L 18/09/2018 - 23:43:58: [AFB] Registering expansion: AdminFuckery2 Player Commands (SID: AF2P) by Zode
L 18/09/2018 - 23:43:58: [AFB] Registering expansion: AdminFuckery2 Entity Commands (SID: AF2E) by Zode
L 18/09/2018 - 23:43:58: [AFB] Registering expansion: AdminFuckery2 Fun Commands (SID: AF2F) by Zode
L 18/09/2018 - 23:43:58: [AFB] Expansions loaded!
L 18/09/2018 - 23:43:58: [AFB] Map init.
L 18/09/2018 - 23:43:59: Started map "eshq04" (CRC "-1972197758")
L 18/09/2018 - 23:43:59: Server cvar "sv_voiceenable" = "1"
L 18/09/2018 - 23:43:59: Server cvar "sv_voiceenable" = "0"
L 18/09/2018 - 23:43:59: Log file closed
L 18/09/2018 - 23:43:59: Log file started (file "logs\2018-09-18.log") (game "svencoop") (version "48/5.0.1.0/7964")
L 18/09/2018 - 23:44:09: "kek<1><STEAM_0:1:105068535><>" connected, address "47.132.2.210:27005"
L 18/09/2018 - 23:44:09: [AFB] User kek connected from 47.132.2.210:27005
L 18/09/2018 - 23:44:10: "kek<1><STEAM_0:1:105068535><>" STEAM USERID validated
L 18/09/2018 - 23:44:11: "kek<2><STEAM_0:1:105068535><>" connected, address "47.132.2.210:27005"
L 18/09/2018 - 23:44:11: [AFB] User kek connected from 47.132.2.210:27005
L 18/09/2018 - 23:44:12: "kek<2><STEAM_0:1:105068535><>" STEAM USERID validated
L 18/09/2018 - 23:44:30: "USCGghost<3><STEAM_0:1:8852493><>" connected, address "24.44.128.197:27005"
L 18/09/2018 - 23:44:30: [AFB] User USCGghost connected from 24.44.128.197:27005
L 18/09/2018 - 23:44:30: "USCGghost<3><STEAM_0:1:8852493><>" STEAM USERID validated
L 18/09/2018 - 23:44:31: [AFB] Granted access (abcdefghijklmnopqrstuvwyxz) to STEAM_0:1:105068535
L 18/09/2018 - 23:44:31: "kek<2><STEAM_0:1:105068535><players>" has entered the game
L 18/09/2018 - 23:44:41: "USCGghost<4><STEAM_0:1:8852493><>" connected, address "24.44.128.197:27005"
L 18/09/2018 - 23:44:42: [AFB] User USCGghost connected from 24.44.128.197:27005
L 18/09/2018 - 23:44:42: "USCGghost<4><STEAM_0:1:8852493><>" STEAM USERID validated
L 18/09/2018 - 23:45:05: "kek<2><STEAM_0:1:105068535><players>" stats: frags="0.00" deaths="0" health="100" 
L 18/09/2018 - 23:45:35: "kek<2><STEAM_0:1:105068535><players>" stats: frags="0.00" deaths="0" health="100" 
L 18/09/2018 - 23:46:05: "kek<2><STEAM_0:1:105068535><players>" stats: frags="1.98" deaths="0" health="30" 
L 18/09/2018 - 23:46:35: "kek<2><STEAM_0:1:105068535><players>" stats: frags="1.98" deaths="0" health="30" 
L 18/09/2018 - 23:47:05: "kek<2><STEAM_0:1:105068535><players>" stats: frags="1.98" deaths="0" health="30" 
L 18/09/2018 - 23:47:35: "kek<2><STEAM_0:1:105068535><players>" stats: frags="1.98" deaths="0" health="30" 
L 18/09/2018 - 23:48:05: "kek<2><STEAM_0:1:105068535><players>" stats: frags="1.98" deaths="0" health="30" 
L 18/09/2018 - 23:48:35: "kek<2><STEAM_0:1:105068535><players>" stats: frags="1.98" deaths="0" health="30" 
L 18/09/2018 - 23:49:05: "kek<2><STEAM_0:1:105068535><players>" stats: frags="1.98" deaths="0" health="30" 
L 18/09/2018 - 23:49:35: "kek<2><STEAM_0:1:105068535><players>" stats: frags="1.98" deaths="0" health="30" 
L 18/09/2018 - 23:50:05: "kek<2><STEAM_0:1:105068535><players>" stats: frags="1.98" deaths="0" health="30" 
L 18/09/2018 - 23:50:35: "kek<2><STEAM_0:1:105068535><players>" stats: frags="1.98" deaths="0" health="30" 
L 18/09/2018 - 23:51:05: "kek<2><STEAM_0:1:105068535><players>" stats: frags="1.98" deaths="0" health="30" 
L 18/09/2018 - 23:51:35: "kek<2><STEAM_0:1:105068535><players>" stats: frags="1.98" deaths="0" health="30" 
L 18/09/2018 - 23:52:05: "kek<2><STEAM_0:1:105068535><players>" stats: frags="1.98" deaths="0" health="30" 
L 18/09/2018 - 23:52:35: "kek<2><STEAM_0:1:105068535><players>" stats: frags="1.98" deaths="0" health="30" 
L 18/09/2018 - 23:53:05: "kek<2><STEAM_0:1:105068535><players>" stats: frags="1.98" deaths="0" health="30" 
L 18/09/2018 - 23:53:35: "kek<2><STEAM_0:1:105068535><players>" stats: frags="1.98" deaths="0" health="30" 
L 18/09/2018 - 23:54:04: "kek<2><STEAM_0:1:105068535><players>" say "bogies"
L 18/09/2018 - 23:54:14: "kek<2><STEAM_0:1:105068535><players>" say "ass"
L 18/09/2018 - 23:54:16: "kek<2><STEAM_0:1:105068535><players>" stats: frags="1.98" deaths="1" health="100" 
L 18/09/2018 - 23:54:46: "kek<2><STEAM_0:1:105068535><players>" stats: frags="1.98" deaths="1" health="100" 
L 18/09/2018 - 23:55:16: "kek<2><STEAM_0:1:105068535><players>" stats: frags="1.98" deaths="1" health="100" 
L 18/09/2018 - 23:55:46: "kek<2><STEAM_0:1:105068535><players>" stats: frags="1.98" deaths="1" health="100" 
L 18/09/2018 - 23:56:16: "kek<2><STEAM_0:1:105068535><players>" stats: frags="1.98" deaths="1" health="100" 
L 18/09/2018 - 23:56:46: "kek<2><STEAM_0:1:105068535><players>" stats: frags="1.98" deaths="1" health="100" 
L 18/09/2018 - 23:57:16: "kek<2><STEAM_0:1:105068535><players>" stats: frags="1.98" deaths="1" health="100" 
L 18/09/2018 - 23:57:46: "kek<2><STEAM_0:1:105068535><players>" stats: frags="1.98" deaths="1" health="100" 
L 18/09/2018 - 23:58:16: "kek<2><STEAM_0:1:105068535><players>" stats: frags="1.98" deaths="1" health="100" 
L 18/09/2018 - 23:58:46: "kek<2><STEAM_0:1:105068535><players>" stats: frags="1.98" deaths="1" health="100" 
L 18/09/2018 - 23:59:16: "kek<2><STEAM_0:1:105068535><players>" stats: frags="1.98" deaths="1" health="100" 
L 18/09/2018 - 23:59:46: "kek<2><STEAM_0:1:105068535><players>" stats: frags="1.98" deaths="1" health="100" 
L 19/09/2018 - 00:00:16: Log file closed
